<?xml version="1.0" encoding="UTF-8"?>
<robot generator="Robot 6.1 (Python 3.10.4 on win32)" generated="20230726 23:23:19.581" rpa="false" schemaversion="4">
<suite id="s1" name="Test Suite" source="c:\ROBOT\SauceLabDemo\test_suite.robot">
<test id="s1-t1" name="TC001 - Valid Login" line="42">
<kw name="Open Sauce Demo Website">
<kw name="Open Browser" library="SeleniumLibrary">
<arg>${URL}</arg>
<arg>browser=chrome</arg>
<doc>Opens a new browser instance to the optional ``url``.</doc>
<msg timestamp="20230726 23:23:20.214" level="INFO">Opening browser 'chrome' to base url 'https://www.saucedemo.com/'.</msg>
<status status="PASS" starttime="20230726 23:23:20.214" endtime="20230726 23:23:24.177"/>
</kw>
<kw name="Maximize Browser Window" library="SeleniumLibrary">
<doc>Maximizes current browser window.</doc>
<status status="PASS" starttime="20230726 23:23:24.178" endtime="20230726 23:23:24.301"/>
</kw>
<status status="PASS" starttime="20230726 23:23:20.214" endtime="20230726 23:23:24.301"/>
</kw>
<kw name="Login With Valid Credentials">
<kw name="Login With Credentials">
<arg>${USERNAME_VALID}</arg>
<arg>${PASSWORD_VALID}</arg>
<kw name="Input Text" library="SeleniumLibrary">
<arg>id=user-name</arg>
<arg>${username}</arg>
<doc>Types the given ``text`` into the text field identified by ``locator``.</doc>
<msg timestamp="20230726 23:23:24.307" level="INFO">Typing text 'standard_user' into text field 'id=user-name'.</msg>
<status status="PASS" starttime="20230726 23:23:24.305" endtime="20230726 23:23:24.545"/>
</kw>
<kw name="Input Text" library="SeleniumLibrary">
<arg>id=password</arg>
<arg>${password}</arg>
<doc>Types the given ``text`` into the text field identified by ``locator``.</doc>
<msg timestamp="20230726 23:23:24.545" level="INFO">Typing text 'secret_sauce' into text field 'id=password'.</msg>
<status status="PASS" starttime="20230726 23:23:24.545" endtime="20230726 23:23:24.754"/>
</kw>
<kw name="Click Button" library="SeleniumLibrary">
<arg>id=login-button</arg>
<doc>Clicks the button identified by ``locator``.</doc>
<msg timestamp="20230726 23:23:24.756" level="INFO">Clicking button 'id=login-button'.</msg>
<status status="PASS" starttime="20230726 23:23:24.755" endtime="20230726 23:23:24.917"/>
</kw>
<status status="PASS" starttime="20230726 23:23:24.303" endtime="20230726 23:23:24.917"/>
</kw>
<status status="PASS" starttime="20230726 23:23:24.303" endtime="20230726 23:23:24.917"/>
</kw>
<kw name="Location Should Be" library="SeleniumLibrary">
<arg>${URL}inventory.html</arg>
<doc>Verifies that the current URL is exactly ``url``.</doc>
<msg timestamp="20230726 23:23:24.931" level="INFO">Current location is 'https://www.saucedemo.com/inventory.html'.</msg>
<status status="PASS" starttime="20230726 23:23:24.919" endtime="20230726 23:23:24.931"/>
</kw>
<kw name="Close Browser" library="SeleniumLibrary" type="TEARDOWN">
<doc>Closes the current browser.</doc>
<status status="PASS" starttime="20230726 23:23:24.932" endtime="20230726 23:23:27.863"/>
</kw>
<doc>Verify that a user can log in with valid credentials</doc>
<status status="PASS" starttime="20230726 23:23:20.214" endtime="20230726 23:23:27.863"/>
</test>
<test id="s1-t2" name="TC002 - Invalid Login" line="49">
<kw name="Open Sauce Demo Website">
<kw name="Open Browser" library="SeleniumLibrary">
<arg>${URL}</arg>
<arg>browser=chrome</arg>
<doc>Opens a new browser instance to the optional ``url``.</doc>
<msg timestamp="20230726 23:23:27.881" level="INFO">Opening browser 'chrome' to base url 'https://www.saucedemo.com/'.</msg>
<status status="PASS" starttime="20230726 23:23:27.879" endtime="20230726 23:23:31.201"/>
</kw>
<kw name="Maximize Browser Window" library="SeleniumLibrary">
<doc>Maximizes current browser window.</doc>
<status status="PASS" starttime="20230726 23:23:31.202" endtime="20230726 23:23:31.335"/>
</kw>
<status status="PASS" starttime="20230726 23:23:27.877" endtime="20230726 23:23:31.335"/>
</kw>
<kw name="Login With Invalid Credentials">
<kw name="Login With Credentials">
<arg>${USERNAME_INVALID}</arg>
<arg>${PASSWORD_INVALID}</arg>
<kw name="Input Text" library="SeleniumLibrary">
<arg>id=user-name</arg>
<arg>${username}</arg>
<doc>Types the given ``text`` into the text field identified by ``locator``.</doc>
<msg timestamp="20230726 23:23:31.341" level="INFO">Typing text 'invalid_user' into text field 'id=user-name'.</msg>
<status status="PASS" starttime="20230726 23:23:31.339" endtime="20230726 23:23:31.529"/>
</kw>
<kw name="Input Text" library="SeleniumLibrary">
<arg>id=password</arg>
<arg>${password}</arg>
<doc>Types the given ``text`` into the text field identified by ``locator``.</doc>
<msg timestamp="20230726 23:23:31.531" level="INFO">Typing text 'invalid_password' into text field 'id=password'.</msg>
<status status="PASS" starttime="20230726 23:23:31.531" endtime="20230726 23:23:31.652"/>
</kw>
<kw name="Click Button" library="SeleniumLibrary">
<arg>id=login-button</arg>
<doc>Clicks the button identified by ``locator``.</doc>
<msg timestamp="20230726 23:23:31.653" level="INFO">Clicking button 'id=login-button'.</msg>
<status status="PASS" starttime="20230726 23:23:31.652" endtime="20230726 23:23:31.741"/>
</kw>
<status status="PASS" starttime="20230726 23:23:31.339" endtime="20230726 23:23:31.741"/>
</kw>
<status status="PASS" starttime="20230726 23:23:31.335" endtime="20230726 23:23:31.741"/>
</kw>
<kw name="Page Should Contain" library="SeleniumLibrary">
<arg>Epic sadface: Username and password do not match any user in this service</arg>
<doc>Verifies that current page contains ``text``.</doc>
<msg timestamp="20230726 23:23:31.761" level="INFO">Current page contains text 'Epic sadface: Username and password do not match any user in this service'.</msg>
<status status="PASS" starttime="20230726 23:23:31.743" endtime="20230726 23:23:31.761"/>
</kw>
<kw name="Close Browser" library="SeleniumLibrary" type="TEARDOWN">
<doc>Closes the current browser.</doc>
<status status="PASS" starttime="20230726 23:23:31.761" endtime="20230726 23:23:34.630"/>
</kw>
<doc>Verify that a user cannot log in with invalid credentials</doc>
<status status="PASS" starttime="20230726 23:23:27.872" endtime="20230726 23:23:34.630"/>
</test>
<test id="s1-t3" name="TC003 - Add Item to Cart" line="56">
<kw name="Open Sauce Demo Website">
<kw name="Open Browser" library="SeleniumLibrary">
<arg>${URL}</arg>
<arg>browser=chrome</arg>
<doc>Opens a new browser instance to the optional ``url``.</doc>
<msg timestamp="20230726 23:23:34.641" level="INFO">Opening browser 'chrome' to base url 'https://www.saucedemo.com/'.</msg>
<status status="PASS" starttime="20230726 23:23:34.640" endtime="20230726 23:23:38.067"/>
</kw>
<kw name="Maximize Browser Window" library="SeleniumLibrary">
<doc>Maximizes current browser window.</doc>
<status status="PASS" starttime="20230726 23:23:38.067" endtime="20230726 23:23:38.206"/>
</kw>
<status status="PASS" starttime="20230726 23:23:34.638" endtime="20230726 23:23:38.206"/>
</kw>
<kw name="Login With Valid Credentials">
<kw name="Login With Credentials">
<arg>${USERNAME_VALID}</arg>
<arg>${PASSWORD_VALID}</arg>
<kw name="Input Text" library="SeleniumLibrary">
<arg>id=user-name</arg>
<arg>${username}</arg>
<doc>Types the given ``text`` into the text field identified by ``locator``.</doc>
<msg timestamp="20230726 23:23:38.213" level="INFO">Typing text 'standard_user' into text field 'id=user-name'.</msg>
<status status="PASS" starttime="20230726 23:23:38.209" endtime="20230726 23:23:38.427"/>
</kw>
<kw name="Input Text" library="SeleniumLibrary">
<arg>id=password</arg>
<arg>${password}</arg>
<doc>Types the given ``text`` into the text field identified by ``locator``.</doc>
<msg timestamp="20230726 23:23:38.427" level="INFO">Typing text 'secret_sauce' into text field 'id=password'.</msg>
<status status="PASS" starttime="20230726 23:23:38.427" endtime="20230726 23:23:38.536"/>
</kw>
<kw name="Click Button" library="SeleniumLibrary">
<arg>id=login-button</arg>
<doc>Clicks the button identified by ``locator``.</doc>
<msg timestamp="20230726 23:23:38.537" level="INFO">Clicking button 'id=login-button'.</msg>
<status status="PASS" starttime="20230726 23:23:38.537" endtime="20230726 23:23:38.663"/>
</kw>
<status status="PASS" starttime="20230726 23:23:38.209" endtime="20230726 23:23:38.663"/>
</kw>
<status status="PASS" starttime="20230726 23:23:38.206" endtime="20230726 23:23:38.663"/>
</kw>
<kw name="Click Button" library="SeleniumLibrary">
<arg>xpath=//button[text()='Add to cart']</arg>
<doc>Clicks the button identified by ``locator``.</doc>
<msg timestamp="20230726 23:23:38.663" level="INFO">Clicking button 'xpath=//button[text()='Add to cart']'.</msg>
<status status="PASS" starttime="20230726 23:23:38.663" endtime="20230726 23:23:38.820"/>
</kw>
<kw name="Element Text Should Be" library="SeleniumLibrary">
<arg>xpath=//span[@class='shopping_cart_badge']</arg>
<arg>1</arg>
<doc>Verifies that element ``locator`` contains exact the text ``expected``.</doc>
<msg timestamp="20230726 23:23:38.822" level="INFO">Verifying element 'xpath=//span[@class='shopping_cart_badge']' contains exact text '1'.</msg>
<status status="PASS" starttime="20230726 23:23:38.821" endtime="20230726 23:23:38.854"/>
</kw>
<kw name="Close Browser" library="SeleniumLibrary" type="TEARDOWN">
<doc>Closes the current browser.</doc>
<status status="PASS" starttime="20230726 23:23:38.854" endtime="20230726 23:23:41.747"/>
</kw>
<doc>Verify that a user can add an item to the cart</doc>
<status status="PASS" starttime="20230726 23:23:34.636" endtime="20230726 23:23:41.747"/>
</test>
<test id="s1-t4" name="TC004 - Remove Item from Cart" line="64">
<kw name="Open Sauce Demo Website">
<kw name="Open Browser" library="SeleniumLibrary">
<arg>${URL}</arg>
<arg>browser=chrome</arg>
<doc>Opens a new browser instance to the optional ``url``.</doc>
<msg timestamp="20230726 23:23:41.762" level="INFO">Opening browser 'chrome' to base url 'https://www.saucedemo.com/'.</msg>
<status status="PASS" starttime="20230726 23:23:41.762" endtime="20230726 23:23:46.125"/>
</kw>
<kw name="Maximize Browser Window" library="SeleniumLibrary">
<doc>Maximizes current browser window.</doc>
<status status="PASS" starttime="20230726 23:23:46.127" endtime="20230726 23:23:46.261"/>
</kw>
<status status="PASS" starttime="20230726 23:23:41.760" endtime="20230726 23:23:46.263"/>
</kw>
<kw name="Login With Valid Credentials">
<kw name="Login With Credentials">
<arg>${USERNAME_VALID}</arg>
<arg>${PASSWORD_VALID}</arg>
<kw name="Input Text" library="SeleniumLibrary">
<arg>id=user-name</arg>
<arg>${username}</arg>
<doc>Types the given ``text`` into the text field identified by ``locator``.</doc>
<msg timestamp="20230726 23:23:46.268" level="INFO">Typing text 'standard_user' into text field 'id=user-name'.</msg>
<status status="PASS" starttime="20230726 23:23:46.268" endtime="20230726 23:23:46.563"/>
</kw>
<kw name="Input Text" library="SeleniumLibrary">
<arg>id=password</arg>
<arg>${password}</arg>
<doc>Types the given ``text`` into the text field identified by ``locator``.</doc>
<msg timestamp="20230726 23:23:46.563" level="INFO">Typing text 'secret_sauce' into text field 'id=password'.</msg>
<status status="PASS" starttime="20230726 23:23:46.563" endtime="20230726 23:23:46.667"/>
</kw>
<kw name="Click Button" library="SeleniumLibrary">
<arg>id=login-button</arg>
<doc>Clicks the button identified by ``locator``.</doc>
<msg timestamp="20230726 23:23:46.669" level="INFO">Clicking button 'id=login-button'.</msg>
<status status="PASS" starttime="20230726 23:23:46.667" endtime="20230726 23:23:46.771"/>
</kw>
<status status="PASS" starttime="20230726 23:23:46.266" endtime="20230726 23:23:46.771"/>
</kw>
<status status="PASS" starttime="20230726 23:23:46.263" endtime="20230726 23:23:46.771"/>
</kw>
<kw name="Click Button" library="SeleniumLibrary">
<arg>xpath=//button[text()='Add to cart']</arg>
<doc>Clicks the button identified by ``locator``.</doc>
<msg timestamp="20230726 23:23:46.774" level="INFO">Clicking button 'xpath=//button[text()='Add to cart']'.</msg>
<status status="PASS" starttime="20230726 23:23:46.773" endtime="20230726 23:23:46.906"/>
</kw>
<kw name="Click Button" library="SeleniumLibrary">
<arg>xpath=//button[text()='Remove']</arg>
<doc>Clicks the button identified by ``locator``.</doc>
<msg timestamp="20230726 23:23:46.910" level="INFO">Clicking button 'xpath=//button[text()='Remove']'.</msg>
<status status="PASS" starttime="20230726 23:23:46.910" endtime="20230726 23:23:46.979"/>
</kw>
<kw name="Page Should Not Contain Element" library="SeleniumLibrary">
<arg>xpath=//span[@class='shopping_cart_badge']</arg>
<doc>Verifies that element ``locator`` is not found on the current page.</doc>
<msg timestamp="20230726 23:23:46.992" level="INFO">Current page does not contain element 'xpath=//span[@class='shopping_cart_badge']'.</msg>
<status status="PASS" starttime="20230726 23:23:46.980" endtime="20230726 23:23:46.992"/>
</kw>
<kw name="Close Browser" library="SeleniumLibrary" type="TEARDOWN">
<doc>Closes the current browser.</doc>
<status status="PASS" starttime="20230726 23:23:46.992" endtime="20230726 23:23:49.744"/>
</kw>
<doc>Verify that a user can remove an item from the cart</doc>
<status status="PASS" starttime="20230726 23:23:41.755" endtime="20230726 23:23:49.744"/>
</test>
<test id="s1-t5" name="TC005 - View Cart" line="73">
<kw name="Open Sauce Demo Website">
<kw name="Open Browser" library="SeleniumLibrary">
<arg>${URL}</arg>
<arg>browser=chrome</arg>
<doc>Opens a new browser instance to the optional ``url``.</doc>
<msg timestamp="20230726 23:23:49.760" level="INFO">Opening browser 'chrome' to base url 'https://www.saucedemo.com/'.</msg>
<status status="PASS" starttime="20230726 23:23:49.760" endtime="20230726 23:23:53.182"/>
</kw>
<kw name="Maximize Browser Window" library="SeleniumLibrary">
<doc>Maximizes current browser window.</doc>
<status status="PASS" starttime="20230726 23:23:53.182" endtime="20230726 23:23:53.302"/>
</kw>
<status status="PASS" starttime="20230726 23:23:49.757" endtime="20230726 23:23:53.302"/>
</kw>
<kw name="Login With Valid Credentials">
<kw name="Login With Credentials">
<arg>${USERNAME_VALID}</arg>
<arg>${PASSWORD_VALID}</arg>
<kw name="Input Text" library="SeleniumLibrary">
<arg>id=user-name</arg>
<arg>${username}</arg>
<doc>Types the given ``text`` into the text field identified by ``locator``.</doc>
<msg timestamp="20230726 23:23:53.308" level="INFO">Typing text 'standard_user' into text field 'id=user-name'.</msg>
<status status="PASS" starttime="20230726 23:23:53.308" endtime="20230726 23:23:53.586"/>
</kw>
<kw name="Input Text" library="SeleniumLibrary">
<arg>id=password</arg>
<arg>${password}</arg>
<doc>Types the given ``text`` into the text field identified by ``locator``.</doc>
<msg timestamp="20230726 23:23:53.586" level="INFO">Typing text 'secret_sauce' into text field 'id=password'.</msg>
<status status="PASS" starttime="20230726 23:23:53.586" endtime="20230726 23:23:53.734"/>
</kw>
<kw name="Click Button" library="SeleniumLibrary">
<arg>id=login-button</arg>
<doc>Clicks the button identified by ``locator``.</doc>
<msg timestamp="20230726 23:23:53.734" level="INFO">Clicking button 'id=login-button'.</msg>
<status status="PASS" starttime="20230726 23:23:53.734" endtime="20230726 23:23:53.863"/>
</kw>
<status status="PASS" starttime="20230726 23:23:53.308" endtime="20230726 23:23:53.863"/>
</kw>
<status status="PASS" starttime="20230726 23:23:53.308" endtime="20230726 23:23:53.863"/>
</kw>
<kw name="Click Element" library="SeleniumLibrary">
<arg>xpath=//a[contains(@class, 'shopping_cart_link')]</arg>
<doc>Click the element identified by ``locator``.</doc>
<msg timestamp="20230726 23:23:53.867" level="INFO">Clicking element 'xpath=//a[contains(@class, 'shopping_cart_link')]'.</msg>
<status status="PASS" starttime="20230726 23:23:53.867" endtime="20230726 23:23:53.945"/>
</kw>
<kw name="Location Should Be" library="SeleniumLibrary">
<arg>${URL}cart.html</arg>
<doc>Verifies that the current URL is exactly ``url``.</doc>
<msg timestamp="20230726 23:23:53.954" level="INFO">Current location is 'https://www.saucedemo.com/cart.html'.</msg>
<status status="PASS" starttime="20230726 23:23:53.945" endtime="20230726 23:23:53.954"/>
</kw>
<kw name="Close Browser" library="SeleniumLibrary" type="TEARDOWN">
<doc>Closes the current browser.</doc>
<status status="PASS" starttime="20230726 23:23:53.954" endtime="20230726 23:23:56.748"/>
</kw>
<doc>Verify that a user can view their cart</doc>
<status status="PASS" starttime="20230726 23:23:49.752" endtime="20230726 23:23:56.751"/>
</test>
<test id="s1-t6" name="TC006 - Clear Cart" line="81">
<kw name="Open Sauce Demo Website">
<kw name="Open Browser" library="SeleniumLibrary">
<arg>${URL}</arg>
<arg>browser=chrome</arg>
<doc>Opens a new browser instance to the optional ``url``.</doc>
<msg timestamp="20230726 23:23:56.766" level="INFO">Opening browser 'chrome' to base url 'https://www.saucedemo.com/'.</msg>
<status status="PASS" starttime="20230726 23:23:56.759" endtime="20230726 23:24:00.136"/>
</kw>
<kw name="Maximize Browser Window" library="SeleniumLibrary">
<doc>Maximizes current browser window.</doc>
<status status="PASS" starttime="20230726 23:24:00.139" endtime="20230726 23:24:00.264"/>
</kw>
<status status="PASS" starttime="20230726 23:23:56.759" endtime="20230726 23:24:00.264"/>
</kw>
<kw name="Login With Valid Credentials">
<kw name="Login With Credentials">
<arg>${USERNAME_VALID}</arg>
<arg>${PASSWORD_VALID}</arg>
<kw name="Input Text" library="SeleniumLibrary">
<arg>id=user-name</arg>
<arg>${username}</arg>
<doc>Types the given ``text`` into the text field identified by ``locator``.</doc>
<msg timestamp="20230726 23:24:00.268" level="INFO">Typing text 'standard_user' into text field 'id=user-name'.</msg>
<status status="PASS" starttime="20230726 23:24:00.267" endtime="20230726 23:24:00.437"/>
</kw>
<kw name="Input Text" library="SeleniumLibrary">
<arg>id=password</arg>
<arg>${password}</arg>
<doc>Types the given ``text`` into the text field identified by ``locator``.</doc>
<msg timestamp="20230726 23:24:00.439" level="INFO">Typing text 'secret_sauce' into text field 'id=password'.</msg>
<status status="PASS" starttime="20230726 23:24:00.437" endtime="20230726 23:24:00.561"/>
</kw>
<kw name="Click Button" library="SeleniumLibrary">
<arg>id=login-button</arg>
<doc>Clicks the button identified by ``locator``.</doc>
<msg timestamp="20230726 23:24:00.563" level="INFO">Clicking button 'id=login-button'.</msg>
<status status="PASS" starttime="20230726 23:24:00.561" endtime="20230726 23:24:00.755"/>
</kw>
<status status="PASS" starttime="20230726 23:24:00.266" endtime="20230726 23:24:00.758"/>
</kw>
<status status="PASS" starttime="20230726 23:24:00.264" endtime="20230726 23:24:00.758"/>
</kw>
<kw name="Click Button" library="SeleniumLibrary">
<arg>xpath=//button[text()='Add to cart']</arg>
<doc>Clicks the button identified by ``locator``.</doc>
<msg timestamp="20230726 23:24:00.760" level="INFO">Clicking button 'xpath=//button[text()='Add to cart']'.</msg>
<status status="PASS" starttime="20230726 23:24:00.759" endtime="20230726 23:24:00.904"/>
</kw>
<kw name="Click Element" library="SeleniumLibrary">
<arg>xpath=//a[contains(@class, 'shopping_cart_link')]</arg>
<doc>Click the element identified by ``locator``.</doc>
<msg timestamp="20230726 23:24:00.906" level="INFO">Clicking element 'xpath=//a[contains(@class, 'shopping_cart_link')]'.</msg>
<status status="PASS" starttime="20230726 23:24:00.906" endtime="20230726 23:24:00.971"/>
</kw>
<kw name="Click Button" library="SeleniumLibrary">
<arg>xpath=//button[text()='Remove']</arg>
<doc>Clicks the button identified by ``locator``.</doc>
<msg timestamp="20230726 23:24:00.972" level="INFO">Clicking button 'xpath=//button[text()='Remove']'.</msg>
<status status="PASS" starttime="20230726 23:24:00.971" endtime="20230726 23:24:01.054"/>
</kw>
<kw name="Page Should Not Contain Element" library="SeleniumLibrary">
<arg>xpath=//span[@class='shopping_cart_badge']</arg>
<doc>Verifies that element ``locator`` is not found on the current page.</doc>
<msg timestamp="20230726 23:24:01.070" level="INFO">Current page does not contain element 'xpath=//span[@class='shopping_cart_badge']'.</msg>
<status status="PASS" starttime="20230726 23:24:01.056" endtime="20230726 23:24:01.070"/>
</kw>
<kw name="Close Browser" library="SeleniumLibrary" type="TEARDOWN">
<doc>Closes the current browser.</doc>
<status status="PASS" starttime="20230726 23:24:01.070" endtime="20230726 23:24:03.808"/>
</kw>
<doc>Verify that a user can clear their cart</doc>
<status status="PASS" starttime="20230726 23:23:56.757" endtime="20230726 23:24:03.811"/>
</test>
<test id="s1-t7" name="TC007 - Complete Checkout with Valid Information" line="91">
<kw name="Open Sauce Demo Website">
<kw name="Open Browser" library="SeleniumLibrary">
<arg>${URL}</arg>
<arg>browser=chrome</arg>
<doc>Opens a new browser instance to the optional ``url``.</doc>
<msg timestamp="20230726 23:24:03.827" level="INFO">Opening browser 'chrome' to base url 'https://www.saucedemo.com/'.</msg>
<status status="PASS" starttime="20230726 23:24:03.825" endtime="20230726 23:24:07.649"/>
</kw>
<kw name="Maximize Browser Window" library="SeleniumLibrary">
<doc>Maximizes current browser window.</doc>
<status status="PASS" starttime="20230726 23:24:07.657" endtime="20230726 23:24:07.786"/>
</kw>
<status status="PASS" starttime="20230726 23:24:03.822" endtime="20230726 23:24:07.787"/>
</kw>
<kw name="Login With Valid Credentials">
<kw name="Login With Credentials">
<arg>${USERNAME_VALID}</arg>
<arg>${PASSWORD_VALID}</arg>
<kw name="Input Text" library="SeleniumLibrary">
<arg>id=user-name</arg>
<arg>${username}</arg>
<doc>Types the given ``text`` into the text field identified by ``locator``.</doc>
<msg timestamp="20230726 23:24:07.791" level="INFO">Typing text 'standard_user' into text field 'id=user-name'.</msg>
<status status="PASS" starttime="20230726 23:24:07.791" endtime="20230726 23:24:08.039"/>
</kw>
<kw name="Input Text" library="SeleniumLibrary">
<arg>id=password</arg>
<arg>${password}</arg>
<doc>Types the given ``text`` into the text field identified by ``locator``.</doc>
<msg timestamp="20230726 23:24:08.039" level="INFO">Typing text 'secret_sauce' into text field 'id=password'.</msg>
<status status="PASS" starttime="20230726 23:24:08.039" endtime="20230726 23:24:08.137"/>
</kw>
<kw name="Click Button" library="SeleniumLibrary">
<arg>id=login-button</arg>
<doc>Clicks the button identified by ``locator``.</doc>
<msg timestamp="20230726 23:24:08.143" level="INFO">Clicking button 'id=login-button'.</msg>
<status status="PASS" starttime="20230726 23:24:08.137" endtime="20230726 23:24:08.260"/>
</kw>
<status status="PASS" starttime="20230726 23:24:07.790" endtime="20230726 23:24:08.260"/>
</kw>
<status status="PASS" starttime="20230726 23:24:07.789" endtime="20230726 23:24:08.261"/>
</kw>
<kw name="Add Item To Cart">
<kw name="Click Button" library="SeleniumLibrary">
<arg>xpath=//button[text()='Add to cart']</arg>
<doc>Clicks the button identified by ``locator``.</doc>
<msg timestamp="20230726 23:24:08.262" level="INFO">Clicking button 'xpath=//button[text()='Add to cart']'.</msg>
<status status="PASS" starttime="20230726 23:24:08.262" endtime="20230726 23:24:08.433"/>
</kw>
<status status="PASS" starttime="20230726 23:24:08.261" endtime="20230726 23:24:08.436"/>
</kw>
<kw name="Navigate To Cart Page">
<kw name="Click Element" library="SeleniumLibrary">
<arg>xpath=//a[contains(@class, 'shopping_cart_link')]</arg>
<doc>Click the element identified by ``locator``.</doc>
<msg timestamp="20230726 23:24:08.438" level="INFO">Clicking element 'xpath=//a[contains(@class, 'shopping_cart_link')]'.</msg>
<status status="PASS" starttime="20230726 23:24:08.436" endtime="20230726 23:24:08.503"/>
</kw>
<status status="PASS" starttime="20230726 23:24:08.436" endtime="20230726 23:24:08.503"/>
</kw>
<kw name="Click Button" library="SeleniumLibrary">
<arg>id=checkout</arg>
<doc>Clicks the button identified by ``locator``.</doc>
<msg timestamp="20230726 23:24:08.504" level="INFO">Clicking button 'id=checkout'.</msg>
<status status="PASS" starttime="20230726 23:24:08.504" endtime="20230726 23:24:08.594"/>
</kw>
<kw name="Enter Checkout Information">
<arg>John</arg>
<arg>Doe</arg>
<arg>12345</arg>
<kw name="Input Text" library="SeleniumLibrary">
<arg>id=first-name</arg>
<arg>${first_name}</arg>
<doc>Types the given ``text`` into the text field identified by ``locator``.</doc>
<msg timestamp="20230726 23:24:08.601" level="INFO">Typing text 'John' into text field 'id=first-name'.</msg>
<status status="PASS" starttime="20230726 23:24:08.600" endtime="20230726 23:24:08.721"/>
</kw>
<kw name="Input Text" library="SeleniumLibrary">
<arg>id=last-name</arg>
<arg>${last_name}</arg>
<doc>Types the given ``text`` into the text field identified by ``locator``.</doc>
<msg timestamp="20230726 23:24:08.723" level="INFO">Typing text 'Doe' into text field 'id=last-name'.</msg>
<status status="PASS" starttime="20230726 23:24:08.721" endtime="20230726 23:24:08.823"/>
</kw>
<kw name="Input Text" library="SeleniumLibrary">
<arg>id=postal-code</arg>
<arg>${postal_code}</arg>
<doc>Types the given ``text`` into the text field identified by ``locator``.</doc>
<msg timestamp="20230726 23:24:08.825" level="INFO">Typing text '12345' into text field 'id=postal-code'.</msg>
<status status="PASS" starttime="20230726 23:24:08.824" endtime="20230726 23:24:08.966"/>
</kw>
<kw name="Click Button" library="SeleniumLibrary">
<arg>id=continue</arg>
<doc>Clicks the button identified by ``locator``.</doc>
<msg timestamp="20230726 23:24:08.967" level="INFO">Clicking button 'id=continue'.</msg>
<status status="PASS" starttime="20230726 23:24:08.966" endtime="20230726 23:24:09.046"/>
</kw>
<status status="PASS" starttime="20230726 23:24:08.598" endtime="20230726 23:24:09.046"/>
</kw>
<kw name="Click Button" library="SeleniumLibrary">
<arg>id=finish</arg>
<doc>Clicks the button identified by ``locator``.</doc>
<msg timestamp="20230726 23:24:09.048" level="INFO">Clicking button 'id=finish'.</msg>
<status status="PASS" starttime="20230726 23:24:09.046" endtime="20230726 23:24:09.113"/>
</kw>
<kw name="Wait Until Page Contains" library="SeleniumLibrary">
<arg>Your order has been dispatched</arg>
<doc>Waits until ``text`` appears on the current page.</doc>
<status status="PASS" starttime="20230726 23:24:09.115" endtime="20230726 23:24:09.129"/>
</kw>
<kw name="Close Browser" library="SeleniumLibrary" type="TEARDOWN">
<doc>Closes the current browser.</doc>
<status status="PASS" starttime="20230726 23:24:09.130" endtime="20230726 23:24:11.834"/>
</kw>
<doc>Verify that a user can complete the checkout process with valid information</doc>
<status status="PASS" starttime="20230726 23:24:03.819" endtime="20230726 23:24:11.837"/>
</test>
<test id="s1-t8" name="TC008 - Incomplete Checkout with Missing Information" line="103">
<kw name="Open Sauce Demo Website">
<kw name="Open Browser" library="SeleniumLibrary">
<arg>${URL}</arg>
<arg>browser=chrome</arg>
<doc>Opens a new browser instance to the optional ``url``.</doc>
<msg timestamp="20230726 23:24:11.850" level="INFO">Opening browser 'chrome' to base url 'https://www.saucedemo.com/'.</msg>
<status status="PASS" starttime="20230726 23:24:11.850" endtime="20230726 23:24:15.316"/>
</kw>
<kw name="Maximize Browser Window" library="SeleniumLibrary">
<doc>Maximizes current browser window.</doc>
<status status="PASS" starttime="20230726 23:24:15.320" endtime="20230726 23:24:15.450"/>
</kw>
<status status="PASS" starttime="20230726 23:24:11.844" endtime="20230726 23:24:15.450"/>
</kw>
<kw name="Login With Valid Credentials">
<kw name="Login With Credentials">
<arg>${USERNAME_VALID}</arg>
<arg>${PASSWORD_VALID}</arg>
<kw name="Input Text" library="SeleniumLibrary">
<arg>id=user-name</arg>
<arg>${username}</arg>
<doc>Types the given ``text`` into the text field identified by ``locator``.</doc>
<msg timestamp="20230726 23:24:15.454" level="INFO">Typing text 'standard_user' into text field 'id=user-name'.</msg>
<status status="PASS" starttime="20230726 23:24:15.454" endtime="20230726 23:24:15.830"/>
</kw>
<kw name="Input Text" library="SeleniumLibrary">
<arg>id=password</arg>
<arg>${password}</arg>
<doc>Types the given ``text`` into the text field identified by ``locator``.</doc>
<msg timestamp="20230726 23:24:15.830" level="INFO">Typing text 'secret_sauce' into text field 'id=password'.</msg>
<status status="PASS" starttime="20230726 23:24:15.830" endtime="20230726 23:24:15.946"/>
</kw>
<kw name="Click Button" library="SeleniumLibrary">
<arg>id=login-button</arg>
<doc>Clicks the button identified by ``locator``.</doc>
<msg timestamp="20230726 23:24:15.946" level="INFO">Clicking button 'id=login-button'.</msg>
<status status="PASS" starttime="20230726 23:24:15.946" endtime="20230726 23:24:16.079"/>
</kw>
<status status="PASS" starttime="20230726 23:24:15.452" endtime="20230726 23:24:16.079"/>
</kw>
<status status="PASS" starttime="20230726 23:24:15.452" endtime="20230726 23:24:16.079"/>
</kw>
<kw name="Add Item To Cart">
<kw name="Click Button" library="SeleniumLibrary">
<arg>xpath=//button[text()='Add to cart']</arg>
<doc>Clicks the button identified by ``locator``.</doc>
<msg timestamp="20230726 23:24:16.079" level="INFO">Clicking button 'xpath=//button[text()='Add to cart']'.</msg>
<status status="PASS" starttime="20230726 23:24:16.079" endtime="20230726 23:24:16.265"/>
</kw>
<status status="PASS" starttime="20230726 23:24:16.079" endtime="20230726 23:24:16.265"/>
</kw>
<kw name="Navigate To Cart Page">
<kw name="Click Element" library="SeleniumLibrary">
<arg>xpath=//a[contains(@class, 'shopping_cart_link')]</arg>
<doc>Click the element identified by ``locator``.</doc>
<msg timestamp="20230726 23:24:16.267" level="INFO">Clicking element 'xpath=//a[contains(@class, 'shopping_cart_link')]'.</msg>
<status status="PASS" starttime="20230726 23:24:16.265" endtime="20230726 23:24:16.340"/>
</kw>
<status status="PASS" starttime="20230726 23:24:16.265" endtime="20230726 23:24:16.346"/>
</kw>
<kw name="Click Button" library="SeleniumLibrary">
<arg>id=checkout</arg>
<doc>Clicks the button identified by ``locator``.</doc>
<msg timestamp="20230726 23:24:16.346" level="INFO">Clicking button 'id=checkout'.</msg>
<status status="PASS" starttime="20230726 23:24:16.346" endtime="20230726 23:24:16.433"/>
</kw>
<kw name="Enter Checkout Information">
<arg>John</arg>
<arg>Doe</arg>
<arg>${EMPTY}</arg>
<kw name="Input Text" library="SeleniumLibrary">
<arg>id=first-name</arg>
<arg>${first_name}</arg>
<doc>Types the given ``text`` into the text field identified by ``locator``.</doc>
<msg timestamp="20230726 23:24:16.438" level="INFO">Typing text 'John' into text field 'id=first-name'.</msg>
<status status="PASS" starttime="20230726 23:24:16.437" endtime="20230726 23:24:16.545"/>
</kw>
<kw name="Input Text" library="SeleniumLibrary">
<arg>id=last-name</arg>
<arg>${last_name}</arg>
<doc>Types the given ``text`` into the text field identified by ``locator``.</doc>
<msg timestamp="20230726 23:24:16.546" level="INFO">Typing text 'Doe' into text field 'id=last-name'.</msg>
<status status="PASS" starttime="20230726 23:24:16.545" endtime="20230726 23:24:16.649"/>
</kw>
<kw name="Input Text" library="SeleniumLibrary">
<arg>id=postal-code</arg>
<arg>${postal_code}</arg>
<doc>Types the given ``text`` into the text field identified by ``locator``.</doc>
<msg timestamp="20230726 23:24:16.651" level="INFO">Typing text '' into text field 'id=postal-code'.</msg>
<status status="PASS" starttime="20230726 23:24:16.651" endtime="20230726 23:24:16.748"/>
</kw>
<kw name="Click Button" library="SeleniumLibrary">
<arg>id=continue</arg>
<doc>Clicks the button identified by ``locator``.</doc>
<msg timestamp="20230726 23:24:16.748" level="INFO">Clicking button 'id=continue'.</msg>
<status status="PASS" starttime="20230726 23:24:16.748" endtime="20230726 23:24:16.821"/>
</kw>
<status status="PASS" starttime="20230726 23:24:16.433" endtime="20230726 23:24:16.821"/>
</kw>
<kw name="Click Button" library="SeleniumLibrary">
<arg>id=continue</arg>
<doc>Clicks the button identified by ``locator``.</doc>
<msg timestamp="20230726 23:24:16.822" level="INFO">Clicking button 'id=continue'.</msg>
<status status="PASS" starttime="20230726 23:24:16.822" endtime="20230726 23:24:16.873"/>
</kw>
<kw name="Wait Until Page Contains" library="SeleniumLibrary">
<arg>Error: Postal Code is required</arg>
<doc>Waits until ``text`` appears on the current page.</doc>
<status status="PASS" starttime="20230726 23:24:16.873" endtime="20230726 23:24:16.886"/>
</kw>
<kw name="Close Browser" library="SeleniumLibrary" type="TEARDOWN">
<doc>Closes the current browser.</doc>
<status status="PASS" starttime="20230726 23:24:16.888" endtime="20230726 23:24:19.735"/>
</kw>
<doc>Verify that a user cannot complete the checkout process with missing information</doc>
<status status="PASS" starttime="20230726 23:24:11.844" endtime="20230726 23:24:19.736"/>
</test>
<test id="s1-t9" name="TC009 - Cancel Checkout" line="115">
<kw name="Open Sauce Demo Website">
<kw name="Open Browser" library="SeleniumLibrary">
<arg>${URL}</arg>
<arg>browser=chrome</arg>
<doc>Opens a new browser instance to the optional ``url``.</doc>
<msg timestamp="20230726 23:24:19.753" level="INFO">Opening browser 'chrome' to base url 'https://www.saucedemo.com/'.</msg>
<status status="PASS" starttime="20230726 23:24:19.751" endtime="20230726 23:24:23.258"/>
</kw>
<kw name="Maximize Browser Window" library="SeleniumLibrary">
<doc>Maximizes current browser window.</doc>
<status status="PASS" starttime="20230726 23:24:23.258" endtime="20230726 23:24:23.394"/>
</kw>
<status status="PASS" starttime="20230726 23:24:19.749" endtime="20230726 23:24:23.394"/>
</kw>
<kw name="Login With Valid Credentials">
<kw name="Login With Credentials">
<arg>${USERNAME_VALID}</arg>
<arg>${PASSWORD_VALID}</arg>
<kw name="Input Text" library="SeleniumLibrary">
<arg>id=user-name</arg>
<arg>${username}</arg>
<doc>Types the given ``text`` into the text field identified by ``locator``.</doc>
<msg timestamp="20230726 23:24:23.403" level="INFO">Typing text 'standard_user' into text field 'id=user-name'.</msg>
<status status="PASS" starttime="20230726 23:24:23.398" endtime="20230726 23:24:23.614"/>
</kw>
<kw name="Input Text" library="SeleniumLibrary">
<arg>id=password</arg>
<arg>${password}</arg>
<doc>Types the given ``text`` into the text field identified by ``locator``.</doc>
<msg timestamp="20230726 23:24:23.615" level="INFO">Typing text 'secret_sauce' into text field 'id=password'.</msg>
<status status="PASS" starttime="20230726 23:24:23.614" endtime="20230726 23:24:23.721"/>
</kw>
<kw name="Click Button" library="SeleniumLibrary">
<arg>id=login-button</arg>
<doc>Clicks the button identified by ``locator``.</doc>
<msg timestamp="20230726 23:24:23.721" level="INFO">Clicking button 'id=login-button'.</msg>
<status status="PASS" starttime="20230726 23:24:23.721" endtime="20230726 23:24:23.850"/>
</kw>
<status status="PASS" starttime="20230726 23:24:23.397" endtime="20230726 23:24:23.852"/>
</kw>
<status status="PASS" starttime="20230726 23:24:23.396" endtime="20230726 23:24:23.852"/>
</kw>
<kw name="Add Item To Cart">
<kw name="Click Button" library="SeleniumLibrary">
<arg>xpath=//button[text()='Add to cart']</arg>
<doc>Clicks the button identified by ``locator``.</doc>
<msg timestamp="20230726 23:24:23.855" level="INFO">Clicking button 'xpath=//button[text()='Add to cart']'.</msg>
<status status="PASS" starttime="20230726 23:24:23.852" endtime="20230726 23:24:24.012"/>
</kw>
<status status="PASS" starttime="20230726 23:24:23.852" endtime="20230726 23:24:24.012"/>
</kw>
<kw name="Navigate To Cart Page">
<kw name="Click Element" library="SeleniumLibrary">
<arg>xpath=//a[contains(@class, 'shopping_cart_link')]</arg>
<doc>Click the element identified by ``locator``.</doc>
<msg timestamp="20230726 23:24:24.012" level="INFO">Clicking element 'xpath=//a[contains(@class, 'shopping_cart_link')]'.</msg>
<status status="PASS" starttime="20230726 23:24:24.012" endtime="20230726 23:24:24.079"/>
</kw>
<status status="PASS" starttime="20230726 23:24:24.012" endtime="20230726 23:24:24.079"/>
</kw>
<kw name="Click Button" library="SeleniumLibrary">
<arg>id=checkout</arg>
<doc>Clicks the button identified by ``locator``.</doc>
<msg timestamp="20230726 23:24:24.082" level="INFO">Clicking button 'id=checkout'.</msg>
<status status="PASS" starttime="20230726 23:24:24.080" endtime="20230726 23:24:24.163"/>
</kw>
<kw name="Click Button" library="SeleniumLibrary">
<arg>id=cancel</arg>
<doc>Clicks the button identified by ``locator``.</doc>
<msg timestamp="20230726 23:24:24.166" level="INFO">Clicking button 'id=cancel'.</msg>
<status status="PASS" starttime="20230726 23:24:24.165" endtime="20230726 23:24:24.331"/>
</kw>
<kw name="Location Should Be" library="SeleniumLibrary">
<arg>${URL}cart.html</arg>
<doc>Verifies that the current URL is exactly ``url``.</doc>
<msg timestamp="20230726 23:24:24.349" level="INFO">Current location is 'https://www.saucedemo.com/cart.html'.</msg>
<status status="PASS" starttime="20230726 23:24:24.334" endtime="20230726 23:24:24.350"/>
</kw>
<kw name="Close Browser" library="SeleniumLibrary" type="TEARDOWN">
<doc>Closes the current browser.</doc>
<status status="PASS" starttime="20230726 23:24:24.353" endtime="20230726 23:24:27.062"/>
</kw>
<doc>Verify that a user can cancel the checkout process</doc>
<status status="PASS" starttime="20230726 23:24:19.745" endtime="20230726 23:24:27.062"/>
</test>
<test id="s1-t10" name="TC010 - Complete Checkout with Invalid Information" line="126">
<kw name="Open Sauce Demo Website">
<kw name="Open Browser" library="SeleniumLibrary">
<arg>${URL}</arg>
<arg>browser=chrome</arg>
<doc>Opens a new browser instance to the optional ``url``.</doc>
<msg timestamp="20230726 23:24:27.078" level="INFO">Opening browser 'chrome' to base url 'https://www.saucedemo.com/'.</msg>
<status status="PASS" starttime="20230726 23:24:27.078" endtime="20230726 23:24:30.484"/>
</kw>
<kw name="Maximize Browser Window" library="SeleniumLibrary">
<doc>Maximizes current browser window.</doc>
<status status="PASS" starttime="20230726 23:24:30.484" endtime="20230726 23:24:30.611"/>
</kw>
<status status="PASS" starttime="20230726 23:24:27.073" endtime="20230726 23:24:30.612"/>
</kw>
<kw name="Login With Valid Credentials">
<kw name="Login With Credentials">
<arg>${USERNAME_VALID}</arg>
<arg>${PASSWORD_VALID}</arg>
<kw name="Input Text" library="SeleniumLibrary">
<arg>id=user-name</arg>
<arg>${username}</arg>
<doc>Types the given ``text`` into the text field identified by ``locator``.</doc>
<msg timestamp="20230726 23:24:30.620" level="INFO">Typing text 'standard_user' into text field 'id=user-name'.</msg>
<status status="PASS" starttime="20230726 23:24:30.617" endtime="20230726 23:24:30.813"/>
</kw>
<kw name="Input Text" library="SeleniumLibrary">
<arg>id=password</arg>
<arg>${password}</arg>
<doc>Types the given ``text`` into the text field identified by ``locator``.</doc>
<msg timestamp="20230726 23:24:30.814" level="INFO">Typing text 'secret_sauce' into text field 'id=password'.</msg>
<status status="PASS" starttime="20230726 23:24:30.813" endtime="20230726 23:24:30.914"/>
</kw>
<kw name="Click Button" library="SeleniumLibrary">
<arg>id=login-button</arg>
<doc>Clicks the button identified by ``locator``.</doc>
<msg timestamp="20230726 23:24:30.915" level="INFO">Clicking button 'id=login-button'.</msg>
<status status="PASS" starttime="20230726 23:24:30.915" endtime="20230726 23:24:31.041"/>
</kw>
<status status="PASS" starttime="20230726 23:24:30.617" endtime="20230726 23:24:31.042"/>
</kw>
<status status="PASS" starttime="20230726 23:24:30.613" endtime="20230726 23:24:31.042"/>
</kw>
<kw name="Add Item To Cart">
<kw name="Click Button" library="SeleniumLibrary">
<arg>xpath=//button[text()='Add to cart']</arg>
<doc>Clicks the button identified by ``locator``.</doc>
<msg timestamp="20230726 23:24:31.044" level="INFO">Clicking button 'xpath=//button[text()='Add to cart']'.</msg>
<status status="PASS" starttime="20230726 23:24:31.044" endtime="20230726 23:24:31.204"/>
</kw>
<status status="PASS" starttime="20230726 23:24:31.042" endtime="20230726 23:24:31.204"/>
</kw>
<kw name="Navigate To Cart Page">
<kw name="Click Element" library="SeleniumLibrary">
<arg>xpath=//a[contains(@class, 'shopping_cart_link')]</arg>
<doc>Click the element identified by ``locator``.</doc>
<msg timestamp="20230726 23:24:31.204" level="INFO">Clicking element 'xpath=//a[contains(@class, 'shopping_cart_link')]'.</msg>
<status status="PASS" starttime="20230726 23:24:31.204" endtime="20230726 23:24:31.265"/>
</kw>
<status status="PASS" starttime="20230726 23:24:31.204" endtime="20230726 23:24:31.265"/>
</kw>
<kw name="Click Button" library="SeleniumLibrary">
<arg>id=checkout</arg>
<doc>Clicks the button identified by ``locator``.</doc>
<msg timestamp="20230726 23:24:31.267" level="INFO">Clicking button 'id=checkout'.</msg>
<status status="PASS" starttime="20230726 23:24:31.265" endtime="20230726 23:24:31.352"/>
</kw>
<kw name="Enter Checkout Information">
<arg>${EMPTY}</arg>
<arg>${EMPTY}</arg>
<arg>${EMPTY}</arg>
<kw name="Input Text" library="SeleniumLibrary">
<arg>id=first-name</arg>
<arg>${first_name}</arg>
<doc>Types the given ``text`` into the text field identified by ``locator``.</doc>
<msg timestamp="20230726 23:24:31.354" level="INFO">Typing text '' into text field 'id=first-name'.</msg>
<status status="PASS" starttime="20230726 23:24:31.354" endtime="20230726 23:24:31.438"/>
</kw>
<kw name="Input Text" library="SeleniumLibrary">
<arg>id=last-name</arg>
<arg>${last_name}</arg>
<doc>Types the given ``text`` into the text field identified by ``locator``.</doc>
<msg timestamp="20230726 23:24:31.440" level="INFO">Typing text '' into text field 'id=last-name'.</msg>
<status status="PASS" starttime="20230726 23:24:31.439" endtime="20230726 23:24:31.552"/>
</kw>
<kw name="Input Text" library="SeleniumLibrary">
<arg>id=postal-code</arg>
<arg>${postal_code}</arg>
<doc>Types the given ``text`` into the text field identified by ``locator``.</doc>
<msg timestamp="20230726 23:24:31.554" level="INFO">Typing text '' into text field 'id=postal-code'.</msg>
<status status="PASS" starttime="20230726 23:24:31.553" endtime="20230726 23:24:31.654"/>
</kw>
<kw name="Click Button" library="SeleniumLibrary">
<arg>id=continue</arg>
<doc>Clicks the button identified by ``locator``.</doc>
<msg timestamp="20230726 23:24:31.654" level="INFO">Clicking button 'id=continue'.</msg>
<status status="PASS" starttime="20230726 23:24:31.654" endtime="20230726 23:24:31.724"/>
</kw>
<status status="PASS" starttime="20230726 23:24:31.352" endtime="20230726 23:24:31.724"/>
</kw>
<kw name="Click Button" library="SeleniumLibrary">
<arg>id=continue</arg>
<doc>Clicks the button identified by ``locator``.</doc>
<msg timestamp="20230726 23:24:31.727" level="INFO">Clicking button 'id=continue'.</msg>
<status status="PASS" starttime="20230726 23:24:31.725" endtime="20230726 23:24:31.777"/>
</kw>
<kw name="Wait Until Page Contains" library="SeleniumLibrary">
<arg>Error: First Name is required</arg>
<doc>Waits until ``text`` appears on the current page.</doc>
<status status="PASS" starttime="20230726 23:24:31.778" endtime="20230726 23:24:31.792"/>
</kw>
<kw name="Close Browser" library="SeleniumLibrary" type="TEARDOWN">
<doc>Closes the current browser.</doc>
<status status="PASS" starttime="20230726 23:24:31.793" endtime="20230726 23:24:34.555"/>
</kw>
<doc>Verify that a user cannot complete the checkout process with invalid information</doc>
<status status="PASS" starttime="20230726 23:24:27.071" endtime="20230726 23:24:34.555"/>
</test>
<status status="PASS" starttime="20230726 23:23:19.601" endtime="20230726 23:24:34.560"/>
</suite>
<statistics>
<total>
<stat pass="10" fail="0" skip="0">All Tests</stat>
</total>
<tag>
</tag>
<suite>
<stat pass="10" fail="0" skip="0" id="s1" name="Test Suite">Test Suite</stat>
</suite>
</statistics>
<errors>
</errors>
</robot>
