<?xml version="1.0" encoding="UTF-8"?>
<testng-results skipped="0" failed="0" ignored="1" total="2" passed="1">
  <reporter-output>
  </reporter-output>
  <suite name="Specific Test Suite" duration-ms="3088" started-at="2024-04-21T12:59:23Z" finished-at="2024-04-21T12:59:26Z">
    <groups>
    </groups>
    <test name="Run Specific Test" duration-ms="3088" started-at="2024-04-21T12:59:23Z" finished-at="2024-04-21T12:59:26Z">
      <class name="api.test.PetTest">
        <test-method status="PASS" signature="testGetEndpoint()[pri:0, instance:api.test.PetTest@31ea9581]" name="testGetEndpoint" duration-ms="3066" started-at="2024-04-21T12:59:23Z" finished-at="2024-04-21T12:59:26Z">
          <reporter-output>
          </reporter-output>
        </test-method> <!-- testGetEndpoint -->
      </class> <!-- api.test.PetTest -->
    </test> <!-- Run Specific Test -->
  </suite> <!-- Specific Test Suite -->
</testng-results>
