<?xml version="1.0" encoding="UTF-8"?>
<!-- Generated by org.testng.reporters.JUnitXMLReporter -->
<testsuite hostname="NEW10855-G7" ignored="1" name="Run Specific Test" tests="1" failures="0" timestamp="21 Apr 2024 12:59:26 GMT" time="3.088" errors="0">
  <testcase name="testGetEndpoint" time="3.066" classname="api.test.PetTest"/>
  <testcase name="testPostEndpoint" time="0.0" classname="api.test.PetTest">
    <ignored/>
  </testcase> <!-- testPostEndpoint -->
</testsuite> <!-- Run Specific Test -->
