<?xml version="1.0" encoding="UTF-8"?>
<robot generator="Robot 6.1 (Python 3.10.4 on win32)" generated="20240414 14:23:39.325" rpa="false" schemaversion="4">
<suite id="s1" name="LoginPageTest" source="C:\INT\ROBOT_FW\Robot-taf\TestSuiteUI\Login\LoginPageTest.robot">
<test id="s1-t1" name="TC001 - Valid Login" line="16">
<kw name="Run Keywords" library="BuiltIn" type="SETUP">
<arg>TestSetup.Begin Web Test</arg>
<arg>AND</arg>
<arg>LoginPageSteps.Go To Login Page</arg>
<doc>Executes all the given keywords in a sequence.</doc>
<kw name="Begin Web Test" library="TestSetup">
<kw name="Convert To Boolean" library="BuiltIn">
<var>${maximize}</var>
<arg>${maximize}</arg>
<doc>Converts the given item to Boolean true or false.</doc>
<msg timestamp="20240414 14:23:40.391" level="INFO">${maximize} = True</msg>
<status status="PASS" starttime="20240414 14:23:40.390" endtime="20240414 14:23:40.391"/>
</kw>
<kw name="Convert To Boolean" library="BuiltIn">
<var>${headless}</var>
<arg>${headless}</arg>
<doc>Converts the given item to Boolean true or false.</doc>
<msg timestamp="20240414 14:23:40.391" level="INFO">${headless} = False</msg>
<status status="PASS" starttime="20240414 14:23:40.391" endtime="20240414 14:23:40.391"/>
</kw>
<kw name="Convert To Integer" library="BuiltIn">
<var>${browserWidth}</var>
<arg>${browserWidth}</arg>
<doc>Converts the given item to an integer number.</doc>
<msg timestamp="20240414 14:23:40.392" level="INFO">${browserWidth} = 1920</msg>
<status status="PASS" starttime="20240414 14:23:40.392" endtime="20240414 14:23:40.392"/>
</kw>
<kw name="Convert To Integer" library="BuiltIn">
<var>${browserHeight}</var>
<arg>${browserHeight}</arg>
<doc>Converts the given item to an integer number.</doc>
<msg timestamp="20240414 14:23:40.394" level="INFO">${browserHeight} = 1080</msg>
<status status="PASS" starttime="20240414 14:23:40.392" endtime="20240414 14:23:40.394"/>
</kw>
<if>
<branch type="IF" condition="'${browser}' == 'chrome'">
<kw name="Get Chromeoptions" library="BrowserOptions">
<var>${options}</var>
<arg>${headless}</arg>
<msg timestamp="20240414 14:23:40.394" level="INFO">Directory 'C:\INT\ROBOT_FW\Robot-taf\Resources\Download\' can not be created</msg>
<msg timestamp="20240414 14:23:40.394" level="INFO">${options} = &lt;selenium.webdriver.chrome.options.Options object at 0x00000208C6791FC0&gt;</msg>
<status status="PASS" starttime="20240414 14:23:40.394" endtime="20240414 14:23:40.395"/>
</kw>
<status status="PASS" starttime="20240414 14:23:40.394" endtime="20240414 14:23:40.395"/>
</branch>
<branch type="ELSE IF" condition="'${browser}' == 'firefox'">
<kw name="Get Firefoxoptions" library="BrowserOptions">
<var>${options}</var>
<arg>${headless}</arg>
<status status="NOT RUN" starttime="20240414 14:23:40.395" endtime="20240414 14:23:40.395"/>
</kw>
<status status="NOT RUN" starttime="20240414 14:23:40.395" endtime="20240414 14:23:40.395"/>
</branch>
<branch type="ELSE IF" condition="'${browser}' == 'edge'">
<kw name="Get Edgeoptions" library="BrowserOptions">
<var>${options}</var>
<arg>${headless}</arg>
<status status="NOT RUN" starttime="20240414 14:23:40.395" endtime="20240414 14:23:40.395"/>
</kw>
<status status="NOT RUN" starttime="20240414 14:23:40.395" endtime="20240414 14:23:40.397"/>
</branch>
<status status="PASS" starttime="20240414 14:23:40.394" endtime="20240414 14:23:40.397"/>
</if>
<kw name="Get Driver Path" library="BrowserOptions">
<var>${driver_path}</var>
<arg>${browser}</arg>
<msg timestamp="20240414 14:23:40.397" level="INFO">====== WebDriver manager ======</msg>
<msg timestamp="20240414 14:23:44.620" level="INFO">Get LATEST chromedriver version for google-chrome</msg>
<msg timestamp="20240414 14:23:44.747" level="INFO">Get LATEST chromedriver version for google-chrome</msg>
<msg timestamp="20240414 14:23:44.820" level="INFO">There is no [win64] chromedriver "123.0.6312.122" for browser google-chrome "123.0.6312" in cache</msg>
<msg timestamp="20240414 14:23:44.821" level="INFO">Get LATEST chromedriver version for google-chrome</msg>
<msg timestamp="20240414 14:23:44.962" level="INFO">WebDriver version 123.0.6312.122 selected</msg>
<msg timestamp="20240414 14:23:44.965" level="INFO">Modern chrome version https://storage.googleapis.com/chrome-for-testing-public/123.0.6312.122/win32/chromedriver-win32.zip</msg>
<msg timestamp="20240414 14:23:44.965" level="INFO">About to download new driver from https://storage.googleapis.com/chrome-for-testing-public/123.0.6312.122/win32/chromedriver-win32.zip</msg>
<msg timestamp="20240414 14:23:45.119" level="INFO">Driver downloading response is 200</msg>
<msg timestamp="20240414 14:23:47.062" level="INFO">Get LATEST chromedriver version for google-chrome</msg>
<msg timestamp="20240414 14:23:47.272" level="INFO">Driver has been saved in cache [C:\Users\ojilani\.wdm\drivers\chromedriver\win64\123.0.6312.122]</msg>
<msg timestamp="20240414 14:23:47.276" level="INFO">${driver_path} = C:\Users\ojilani\.wdm\drivers\chromedriver\win64\123.0.6312.122\chromedriver-win32/chromedriver.exe</msg>
<status status="PASS" starttime="20240414 14:23:40.397" endtime="20240414 14:23:47.276"/>
</kw>
<kw name="Open Browser" library="SeleniumLibrary">
<arg>about:blank</arg>
<arg>browser=${browser}</arg>
<arg>options=${options}</arg>
<arg>executable_path=${driver_path}</arg>
<doc>Opens a new browser instance to the optional ``url``.</doc>
<msg timestamp="20240414 14:23:47.277" level="INFO">Opening browser 'chrome' to base url 'about:blank'.</msg>
<status status="PASS" starttime="20240414 14:23:47.276" endtime="20240414 14:23:51.125"/>
</kw>
<kw name="Get Project Directory" library="FileUtil">
<var>${importUsers}</var>
<arg>Settings</arg>
<arg>${ENV}_users.robot</arg>
<msg timestamp="20240414 14:23:51.126" level="INFO">${importUsers} = C:\INT\ROBOT_FW\Robot-taf\Settings\AUTO_users.robot</msg>
<status status="PASS" starttime="20240414 14:23:51.126" endtime="20240414 14:23:51.126"/>
</kw>
<kw name="Import Resource" library="BuiltIn">
<arg>${importUsers}</arg>
<doc>Imports a resource file with the given path.</doc>
<status status="PASS" starttime="20240414 14:23:51.128" endtime="20240414 14:23:51.132"/>
</kw>
<kw name="Run Keyword If" library="BuiltIn">
<arg>${maximize}</arg>
<arg>Maximize Browser Window</arg>
<arg>ELSE</arg>
<arg>Set Window Size</arg>
<arg>${browserWidth}</arg>
<arg>${browserHeight}</arg>
<doc>Runs the given keyword with the given arguments, if ``condition`` is true.</doc>
<kw name="Maximize Browser Window" library="SeleniumLibrary">
<doc>Maximizes current browser window.</doc>
<status status="PASS" starttime="20240414 14:23:51.133" endtime="20240414 14:23:51.257"/>
</kw>
<status status="PASS" starttime="20240414 14:23:51.132" endtime="20240414 14:23:51.257"/>
</kw>
<status status="PASS" starttime="20240414 14:23:40.390" endtime="20240414 14:23:51.257"/>
</kw>
<kw name="Go To Login Page" library="LoginPageSteps">
<kw name="Go To Login Page" library="LoginPageKeywords">
<kw name="Go To" library="SeleniumLibrary">
<arg>${${ENV}_APP_LOGIN_URL}</arg>
<doc>Navigates the current browser window to the provided ``url``.</doc>
<msg timestamp="20240414 14:23:51.260" level="INFO">Opening url 'https://www.saucedemo.com/'</msg>
<status status="PASS" starttime="20240414 14:23:51.259" endtime="20240414 14:23:52.709"/>
</kw>
<kw name="Wait Login Page To Be Open" library="LoginPageKeywords">
<kw name="Wait Until Page Contains Element" library="SeleniumLibrary">
<arg>${oLoginUsernameInput}</arg>
<arg>${DELAY.VERYLONG}</arg>
<doc>Waits until the element ``locator`` appears on the current page.</doc>
<status status="PASS" starttime="20240414 14:23:52.710" endtime="20240414 14:23:52.727"/>
</kw>
<status status="PASS" starttime="20240414 14:23:52.709" endtime="20240414 14:23:52.727"/>
</kw>
<kw name="Set Page Zoom Level" library="Util">
<arg>${ZOOM_PERCENTAGE}</arg>
<kw name="Execute Javascript" library="SeleniumLibrary">
<arg>document.body.style.zoom = '${PERCENTAGE}%'</arg>
<doc>Executes the given JavaScript code with possible arguments.</doc>
<msg timestamp="20240414 14:23:52.730" level="INFO">Executing JavaScript:
document.body.style.zoom = '100%'
Without any arguments.</msg>
<status status="PASS" starttime="20240414 14:23:52.729" endtime="20240414 14:23:52.738"/>
</kw>
<status status="PASS" starttime="20240414 14:23:52.727" endtime="20240414 14:23:52.738"/>
</kw>
<status status="PASS" starttime="20240414 14:23:51.258" endtime="20240414 14:23:52.739"/>
</kw>
<status status="PASS" starttime="20240414 14:23:51.258" endtime="20240414 14:23:52.739"/>
</kw>
<status status="PASS" starttime="20240414 14:23:40.390" endtime="20240414 14:23:52.739"/>
</kw>
<kw name="Login With Valid Credentials in SauceDemo" library="LoginPageKeywords">
<kw name="Login With Credentials" library="LoginPageKeywords">
<arg>${validUsername}</arg>
<arg>${validPassword}</arg>
<kw name="Input Text" library="SeleniumLibrary">
<arg>${oUserName}</arg>
<arg>${username}</arg>
<doc>Types the given ``text`` into the text field identified by ``locator``.</doc>
<msg timestamp="20240414 14:23:52.741" level="INFO">Typing text 'standard_user' into text field 'id=user-name'.</msg>
<status status="PASS" starttime="20240414 14:23:52.741" endtime="20240414 14:23:52.898"/>
</kw>
<kw name="Input Text" library="SeleniumLibrary">
<arg>${oPassword}</arg>
<arg>${password}</arg>
<doc>Types the given ``text`` into the text field identified by ``locator``.</doc>
<msg timestamp="20240414 14:23:52.900" level="INFO">Typing text 'secret_sauce' into text field 'id=password'.</msg>
<status status="PASS" starttime="20240414 14:23:52.899" endtime="20240414 14:23:53.024"/>
</kw>
<kw name="Click Button" library="SeleniumLibrary">
<arg>${oLoginButton}</arg>
<doc>Clicks the button identified by ``locator``.</doc>
<msg timestamp="20240414 14:23:53.025" level="INFO">Clicking button 'id=login-button'.</msg>
<status status="PASS" starttime="20240414 14:23:53.025" endtime="20240414 14:23:53.131"/>
</kw>
<status status="PASS" starttime="20240414 14:23:52.740" endtime="20240414 14:23:53.131"/>
</kw>
<status status="PASS" starttime="20240414 14:23:52.739" endtime="20240414 14:23:53.131"/>
</kw>
<kw name="Location Should Be" library="SeleniumLibrary">
<arg>${ACCESS_MANAGEMENT_URL}</arg>
<doc>Verifies that the current URL is exactly ``url``.</doc>
<msg timestamp="20240414 14:23:53.140" level="INFO">Current location is 'https://www.saucedemo.com/inventory.html'.</msg>
<status status="PASS" starttime="20240414 14:23:53.131" endtime="20240414 14:23:53.141"/>
</kw>
<kw name="Close Browser" library="SeleniumLibrary" type="TEARDOWN">
<doc>Closes the current browser.</doc>
<status status="PASS" starttime="20240414 14:23:53.141" endtime="20240414 14:23:55.467"/>
</kw>
<doc>Verify that a user can log in with valid credentials</doc>
<tag>LOGIN</tag>
<tag>REGRESSION</tag>
<status status="PASS" starttime="20240414 14:23:40.389" endtime="20240414 14:23:55.468"/>
</test>
<test id="s1-t2" name="TC002 - Invalid Login" line="22">
<kw name="Run Keywords" library="BuiltIn" type="SETUP">
<arg>TestSetup.Begin Web Test</arg>
<arg>AND</arg>
<arg>LoginPageSteps.Go To Login Page</arg>
<doc>Executes all the given keywords in a sequence.</doc>
<kw name="Begin Web Test" library="TestSetup">
<kw name="Convert To Boolean" library="BuiltIn">
<var>${maximize}</var>
<arg>${maximize}</arg>
<doc>Converts the given item to Boolean true or false.</doc>
<msg timestamp="20240414 14:23:55.476" level="INFO">${maximize} = True</msg>
<status status="PASS" starttime="20240414 14:23:55.475" endtime="20240414 14:23:55.477"/>
</kw>
<kw name="Convert To Boolean" library="BuiltIn">
<var>${headless}</var>
<arg>${headless}</arg>
<doc>Converts the given item to Boolean true or false.</doc>
<msg timestamp="20240414 14:23:55.478" level="INFO">${headless} = False</msg>
<status status="PASS" starttime="20240414 14:23:55.477" endtime="20240414 14:23:55.478"/>
</kw>
<kw name="Convert To Integer" library="BuiltIn">
<var>${browserWidth}</var>
<arg>${browserWidth}</arg>
<doc>Converts the given item to an integer number.</doc>
<msg timestamp="20240414 14:23:55.479" level="INFO">${browserWidth} = 1920</msg>
<status status="PASS" starttime="20240414 14:23:55.479" endtime="20240414 14:23:55.480"/>
</kw>
<kw name="Convert To Integer" library="BuiltIn">
<var>${browserHeight}</var>
<arg>${browserHeight}</arg>
<doc>Converts the given item to an integer number.</doc>
<msg timestamp="20240414 14:23:55.482" level="INFO">${browserHeight} = 1080</msg>
<status status="PASS" starttime="20240414 14:23:55.481" endtime="20240414 14:23:55.482"/>
</kw>
<if>
<branch type="IF" condition="'${browser}' == 'chrome'">
<kw name="Get Chromeoptions" library="BrowserOptions">
<var>${options}</var>
<arg>${headless}</arg>
<msg timestamp="20240414 14:23:55.484" level="INFO">Directory 'C:\INT\ROBOT_FW\Robot-taf\Resources\Download\' can not be created</msg>
<msg timestamp="20240414 14:23:55.484" level="INFO">${options} = &lt;selenium.webdriver.chrome.options.Options object at 0x00000208C682ADD0&gt;</msg>
<status status="PASS" starttime="20240414 14:23:55.483" endtime="20240414 14:23:55.484"/>
</kw>
<status status="PASS" starttime="20240414 14:23:55.482" endtime="20240414 14:23:55.485"/>
</branch>
<branch type="ELSE IF" condition="'${browser}' == 'firefox'">
<kw name="Get Firefoxoptions" library="BrowserOptions">
<var>${options}</var>
<arg>${headless}</arg>
<status status="NOT RUN" starttime="20240414 14:23:55.485" endtime="20240414 14:23:55.486"/>
</kw>
<status status="NOT RUN" starttime="20240414 14:23:55.485" endtime="20240414 14:23:55.486"/>
</branch>
<branch type="ELSE IF" condition="'${browser}' == 'edge'">
<kw name="Get Edgeoptions" library="BrowserOptions">
<var>${options}</var>
<arg>${headless}</arg>
<status status="NOT RUN" starttime="20240414 14:23:55.486" endtime="20240414 14:23:55.487"/>
</kw>
<status status="NOT RUN" starttime="20240414 14:23:55.486" endtime="20240414 14:23:55.487"/>
</branch>
<status status="PASS" starttime="20240414 14:23:55.482" endtime="20240414 14:23:55.487"/>
</if>
<kw name="Get Driver Path" library="BrowserOptions">
<var>${driver_path}</var>
<arg>${browser}</arg>
<msg timestamp="20240414 14:23:55.488" level="INFO">====== WebDriver manager ======</msg>
<msg timestamp="20240414 14:23:59.743" level="INFO">Get LATEST chromedriver version for google-chrome</msg>
<msg timestamp="20240414 14:23:59.816" level="INFO">Get LATEST chromedriver version for google-chrome</msg>
<msg timestamp="20240414 14:23:59.888" level="INFO">Driver [C:\Users\ojilani\.wdm\drivers\chromedriver\win64\123.0.6312.122\chromedriver-win32/chromedriver.exe] found in cache</msg>
<msg timestamp="20240414 14:23:59.889" level="INFO">${driver_path} = C:\Users\ojilani\.wdm\drivers\chromedriver\win64\123.0.6312.122\chromedriver-win32/chromedriver.exe</msg>
<status status="PASS" starttime="20240414 14:23:55.487" endtime="20240414 14:23:59.889"/>
</kw>
<kw name="Open Browser" library="SeleniumLibrary">
<arg>about:blank</arg>
<arg>browser=${browser}</arg>
<arg>options=${options}</arg>
<arg>executable_path=${driver_path}</arg>
<doc>Opens a new browser instance to the optional ``url``.</doc>
<msg timestamp="20240414 14:23:59.891" level="INFO">Opening browser 'chrome' to base url 'about:blank'.</msg>
<status status="PASS" starttime="20240414 14:23:59.889" endtime="20240414 14:24:01.666"/>
</kw>
<kw name="Get Project Directory" library="FileUtil">
<var>${importUsers}</var>
<arg>Settings</arg>
<arg>${ENV}_users.robot</arg>
<msg timestamp="20240414 14:24:01.667" level="INFO">${importUsers} = C:\INT\ROBOT_FW\Robot-taf\Settings\AUTO_users.robot</msg>
<status status="PASS" starttime="20240414 14:24:01.667" endtime="20240414 14:24:01.667"/>
</kw>
<kw name="Import Resource" library="BuiltIn">
<arg>${importUsers}</arg>
<doc>Imports a resource file with the given path.</doc>
<status status="PASS" starttime="20240414 14:24:01.668" endtime="20240414 14:24:01.671"/>
</kw>
<kw name="Run Keyword If" library="BuiltIn">
<arg>${maximize}</arg>
<arg>Maximize Browser Window</arg>
<arg>ELSE</arg>
<arg>Set Window Size</arg>
<arg>${browserWidth}</arg>
<arg>${browserHeight}</arg>
<doc>Runs the given keyword with the given arguments, if ``condition`` is true.</doc>
<kw name="Maximize Browser Window" library="SeleniumLibrary">
<doc>Maximizes current browser window.</doc>
<status status="PASS" starttime="20240414 14:24:01.673" endtime="20240414 14:24:01.793"/>
</kw>
<status status="PASS" starttime="20240414 14:24:01.671" endtime="20240414 14:24:01.794"/>
</kw>
<status status="PASS" starttime="20240414 14:23:55.474" endtime="20240414 14:24:01.794"/>
</kw>
<kw name="Go To Login Page" library="LoginPageSteps">
<kw name="Go To Login Page" library="LoginPageKeywords">
<kw name="Go To" library="SeleniumLibrary">
<arg>${${ENV}_APP_LOGIN_URL}</arg>
<doc>Navigates the current browser window to the provided ``url``.</doc>
<msg timestamp="20240414 14:24:01.796" level="INFO">Opening url 'https://www.saucedemo.com/'</msg>
<status status="PASS" starttime="20240414 14:24:01.795" endtime="20240414 14:24:02.926"/>
</kw>
<kw name="Wait Login Page To Be Open" library="LoginPageKeywords">
<kw name="Wait Until Page Contains Element" library="SeleniumLibrary">
<arg>${oLoginUsernameInput}</arg>
<arg>${DELAY.VERYLONG}</arg>
<doc>Waits until the element ``locator`` appears on the current page.</doc>
<status status="PASS" starttime="20240414 14:24:02.927" endtime="20240414 14:24:02.943"/>
</kw>
<status status="PASS" starttime="20240414 14:24:02.926" endtime="20240414 14:24:02.943"/>
</kw>
<kw name="Set Page Zoom Level" library="Util">
<arg>${ZOOM_PERCENTAGE}</arg>
<kw name="Execute Javascript" library="SeleniumLibrary">
<arg>document.body.style.zoom = '${PERCENTAGE}%'</arg>
<doc>Executes the given JavaScript code with possible arguments.</doc>
<msg timestamp="20240414 14:24:02.944" level="INFO">Executing JavaScript:
document.body.style.zoom = '100%'
Without any arguments.</msg>
<status status="PASS" starttime="20240414 14:24:02.944" endtime="20240414 14:24:02.950"/>
</kw>
<status status="PASS" starttime="20240414 14:24:02.943" endtime="20240414 14:24:02.952"/>
</kw>
<status status="PASS" starttime="20240414 14:24:01.795" endtime="20240414 14:24:02.952"/>
</kw>
<status status="PASS" starttime="20240414 14:24:01.794" endtime="20240414 14:24:02.952"/>
</kw>
<status status="PASS" starttime="20240414 14:23:55.472" endtime="20240414 14:24:02.952"/>
</kw>
<kw name="Login With Invalid Credentials in SauceDemo" library="LoginPageKeywords">
<kw name="Login With Credentials" library="LoginPageKeywords">
<arg>${invalidUsername}</arg>
<arg>${invalidPwd}</arg>
<kw name="Input Text" library="SeleniumLibrary">
<arg>${oUserName}</arg>
<arg>${username}</arg>
<doc>Types the given ``text`` into the text field identified by ``locator``.</doc>
<msg timestamp="20240414 14:24:02.954" level="INFO">Typing text 'invalid_user' into text field 'id=user-name'.</msg>
<status status="PASS" starttime="20240414 14:24:02.953" endtime="20240414 14:24:03.077"/>
</kw>
<kw name="Input Text" library="SeleniumLibrary">
<arg>${oPassword}</arg>
<arg>${password}</arg>
<doc>Types the given ``text`` into the text field identified by ``locator``.</doc>
<msg timestamp="20240414 14:24:03.079" level="INFO">Typing text 'invalid_password' into text field 'id=password'.</msg>
<status status="PASS" starttime="20240414 14:24:03.079" endtime="20240414 14:24:03.173"/>
</kw>
<kw name="Click Button" library="SeleniumLibrary">
<arg>${oLoginButton}</arg>
<doc>Clicks the button identified by ``locator``.</doc>
<msg timestamp="20240414 14:24:03.174" level="INFO">Clicking button 'id=login-button'.</msg>
<status status="PASS" starttime="20240414 14:24:03.173" endtime="20240414 14:24:03.250"/>
</kw>
<status status="PASS" starttime="20240414 14:24:02.953" endtime="20240414 14:24:03.250"/>
</kw>
<status status="PASS" starttime="20240414 14:24:02.952" endtime="20240414 14:24:03.251"/>
</kw>
<kw name="Page Should Contain" library="SeleniumLibrary">
<arg>${pInvalidLoginMsg}</arg>
<doc>Verifies that current page contains ``text``.</doc>
<msg timestamp="20240414 14:24:03.266" level="INFO">Current page contains text 'Epic sadface: Username and password do not match any user in this service'.</msg>
<status status="PASS" starttime="20240414 14:24:03.251" endtime="20240414 14:24:03.266"/>
</kw>
<kw name="Close Browser" library="SeleniumLibrary" type="TEARDOWN">
<doc>Closes the current browser.</doc>
<status status="PASS" starttime="20240414 14:24:03.267" endtime="20240414 14:24:05.563"/>
</kw>
<doc>Verify that a user cannot log in with invalid credentials</doc>
<tag>LOGIN</tag>
<tag>REGRESSION</tag>
<status status="PASS" starttime="20240414 14:23:55.470" endtime="20240414 14:24:05.565"/>
</test>
<test id="s1-t3" name="TC003 - Add Item to Cart" line="28">
<kw name="Run Keywords" library="BuiltIn" type="SETUP">
<arg>TestSetup.Begin Web Test</arg>
<arg>AND</arg>
<arg>LoginPageSteps.Go To Login Page</arg>
<doc>Executes all the given keywords in a sequence.</doc>
<kw name="Begin Web Test" library="TestSetup">
<kw name="Convert To Boolean" library="BuiltIn">
<var>${maximize}</var>
<arg>${maximize}</arg>
<doc>Converts the given item to Boolean true or false.</doc>
<msg timestamp="20240414 14:24:05.571" level="INFO">${maximize} = True</msg>
<status status="PASS" starttime="20240414 14:24:05.570" endtime="20240414 14:24:05.572"/>
</kw>
<kw name="Convert To Boolean" library="BuiltIn">
<var>${headless}</var>
<arg>${headless}</arg>
<doc>Converts the given item to Boolean true or false.</doc>
<msg timestamp="20240414 14:24:05.573" level="INFO">${headless} = False</msg>
<status status="PASS" starttime="20240414 14:24:05.572" endtime="20240414 14:24:05.573"/>
</kw>
<kw name="Convert To Integer" library="BuiltIn">
<var>${browserWidth}</var>
<arg>${browserWidth}</arg>
<doc>Converts the given item to an integer number.</doc>
<msg timestamp="20240414 14:24:05.574" level="INFO">${browserWidth} = 1920</msg>
<status status="PASS" starttime="20240414 14:24:05.574" endtime="20240414 14:24:05.574"/>
</kw>
<kw name="Convert To Integer" library="BuiltIn">
<var>${browserHeight}</var>
<arg>${browserHeight}</arg>
<doc>Converts the given item to an integer number.</doc>
<msg timestamp="20240414 14:24:05.575" level="INFO">${browserHeight} = 1080</msg>
<status status="PASS" starttime="20240414 14:24:05.574" endtime="20240414 14:24:05.575"/>
</kw>
<if>
<branch type="IF" condition="'${browser}' == 'chrome'">
<kw name="Get Chromeoptions" library="BrowserOptions">
<var>${options}</var>
<arg>${headless}</arg>
<msg timestamp="20240414 14:24:05.577" level="INFO">Directory 'C:\INT\ROBOT_FW\Robot-taf\Resources\Download\' can not be created</msg>
<msg timestamp="20240414 14:24:05.577" level="INFO">${options} = &lt;selenium.webdriver.chrome.options.Options object at 0x00000208C6829EA0&gt;</msg>
<status status="PASS" starttime="20240414 14:24:05.576" endtime="20240414 14:24:05.578"/>
</kw>
<status status="PASS" starttime="20240414 14:24:05.575" endtime="20240414 14:24:05.578"/>
</branch>
<branch type="ELSE IF" condition="'${browser}' == 'firefox'">
<kw name="Get Firefoxoptions" library="BrowserOptions">
<var>${options}</var>
<arg>${headless}</arg>
<status status="NOT RUN" starttime="20240414 14:24:05.579" endtime="20240414 14:24:05.579"/>
</kw>
<status status="NOT RUN" starttime="20240414 14:24:05.579" endtime="20240414 14:24:05.579"/>
</branch>
<branch type="ELSE IF" condition="'${browser}' == 'edge'">
<kw name="Get Edgeoptions" library="BrowserOptions">
<var>${options}</var>
<arg>${headless}</arg>
<status status="NOT RUN" starttime="20240414 14:24:05.580" endtime="20240414 14:24:05.580"/>
</kw>
<status status="NOT RUN" starttime="20240414 14:24:05.580" endtime="20240414 14:24:05.580"/>
</branch>
<status status="PASS" starttime="20240414 14:24:05.575" endtime="20240414 14:24:05.581"/>
</if>
<kw name="Get Driver Path" library="BrowserOptions">
<var>${driver_path}</var>
<arg>${browser}</arg>
<msg timestamp="20240414 14:24:05.581" level="INFO">====== WebDriver manager ======</msg>
<msg timestamp="20240414 14:24:09.810" level="INFO">Get LATEST chromedriver version for google-chrome</msg>
<msg timestamp="20240414 14:24:09.883" level="INFO">Get LATEST chromedriver version for google-chrome</msg>
<msg timestamp="20240414 14:24:09.942" level="INFO">Driver [C:\Users\ojilani\.wdm\drivers\chromedriver\win64\123.0.6312.122\chromedriver-win32/chromedriver.exe] found in cache</msg>
<msg timestamp="20240414 14:24:09.943" level="INFO">${driver_path} = C:\Users\ojilani\.wdm\drivers\chromedriver\win64\123.0.6312.122\chromedriver-win32/chromedriver.exe</msg>
<status status="PASS" starttime="20240414 14:24:05.581" endtime="20240414 14:24:09.943"/>
</kw>
<kw name="Open Browser" library="SeleniumLibrary">
<arg>about:blank</arg>
<arg>browser=${browser}</arg>
<arg>options=${options}</arg>
<arg>executable_path=${driver_path}</arg>
<doc>Opens a new browser instance to the optional ``url``.</doc>
<msg timestamp="20240414 14:24:09.945" level="INFO">Opening browser 'chrome' to base url 'about:blank'.</msg>
<status status="PASS" starttime="20240414 14:24:09.943" endtime="20240414 14:24:11.788"/>
</kw>
<kw name="Get Project Directory" library="FileUtil">
<var>${importUsers}</var>
<arg>Settings</arg>
<arg>${ENV}_users.robot</arg>
<msg timestamp="20240414 14:24:11.789" level="INFO">${importUsers} = C:\INT\ROBOT_FW\Robot-taf\Settings\AUTO_users.robot</msg>
<status status="PASS" starttime="20240414 14:24:11.789" endtime="20240414 14:24:11.789"/>
</kw>
<kw name="Import Resource" library="BuiltIn">
<arg>${importUsers}</arg>
<doc>Imports a resource file with the given path.</doc>
<status status="PASS" starttime="20240414 14:24:11.790" endtime="20240414 14:24:11.792"/>
</kw>
<kw name="Run Keyword If" library="BuiltIn">
<arg>${maximize}</arg>
<arg>Maximize Browser Window</arg>
<arg>ELSE</arg>
<arg>Set Window Size</arg>
<arg>${browserWidth}</arg>
<arg>${browserHeight}</arg>
<doc>Runs the given keyword with the given arguments, if ``condition`` is true.</doc>
<kw name="Maximize Browser Window" library="SeleniumLibrary">
<doc>Maximizes current browser window.</doc>
<status status="PASS" starttime="20240414 14:24:11.792" endtime="20240414 14:24:11.921"/>
</kw>
<status status="PASS" starttime="20240414 14:24:11.792" endtime="20240414 14:24:11.921"/>
</kw>
<status status="PASS" starttime="20240414 14:24:05.569" endtime="20240414 14:24:11.921"/>
</kw>
<kw name="Go To Login Page" library="LoginPageSteps">
<kw name="Go To Login Page" library="LoginPageKeywords">
<kw name="Go To" library="SeleniumLibrary">
<arg>${${ENV}_APP_LOGIN_URL}</arg>
<doc>Navigates the current browser window to the provided ``url``.</doc>
<msg timestamp="20240414 14:24:11.923" level="INFO">Opening url 'https://www.saucedemo.com/'</msg>
<status status="PASS" starttime="20240414 14:24:11.923" endtime="20240414 14:24:13.276"/>
</kw>
<kw name="Wait Login Page To Be Open" library="LoginPageKeywords">
<kw name="Wait Until Page Contains Element" library="SeleniumLibrary">
<arg>${oLoginUsernameInput}</arg>
<arg>${DELAY.VERYLONG}</arg>
<doc>Waits until the element ``locator`` appears on the current page.</doc>
<status status="PASS" starttime="20240414 14:24:13.277" endtime="20240414 14:24:13.291"/>
</kw>
<status status="PASS" starttime="20240414 14:24:13.276" endtime="20240414 14:24:13.291"/>
</kw>
<kw name="Set Page Zoom Level" library="Util">
<arg>${ZOOM_PERCENTAGE}</arg>
<kw name="Execute Javascript" library="SeleniumLibrary">
<arg>document.body.style.zoom = '${PERCENTAGE}%'</arg>
<doc>Executes the given JavaScript code with possible arguments.</doc>
<msg timestamp="20240414 14:24:13.295" level="INFO">Executing JavaScript:
document.body.style.zoom = '100%'
Without any arguments.</msg>
<status status="PASS" starttime="20240414 14:24:13.293" endtime="20240414 14:24:13.302"/>
</kw>
<status status="PASS" starttime="20240414 14:24:13.293" endtime="20240414 14:24:13.302"/>
</kw>
<status status="PASS" starttime="20240414 14:24:11.922" endtime="20240414 14:24:13.303"/>
</kw>
<status status="PASS" starttime="20240414 14:24:11.922" endtime="20240414 14:24:13.303"/>
</kw>
<status status="PASS" starttime="20240414 14:24:05.568" endtime="20240414 14:24:13.303"/>
</kw>
<kw name="Login With Valid Credentials in SauceDemo" library="LoginPageKeywords">
<kw name="Login With Credentials" library="LoginPageKeywords">
<arg>${validUsername}</arg>
<arg>${validPassword}</arg>
<kw name="Input Text" library="SeleniumLibrary">
<arg>${oUserName}</arg>
<arg>${username}</arg>
<doc>Types the given ``text`` into the text field identified by ``locator``.</doc>
<msg timestamp="20240414 14:24:13.305" level="INFO">Typing text 'standard_user' into text field 'id=user-name'.</msg>
<status status="PASS" starttime="20240414 14:24:13.304" endtime="20240414 14:24:13.433"/>
</kw>
<kw name="Input Text" library="SeleniumLibrary">
<arg>${oPassword}</arg>
<arg>${password}</arg>
<doc>Types the given ``text`` into the text field identified by ``locator``.</doc>
<msg timestamp="20240414 14:24:13.435" level="INFO">Typing text 'secret_sauce' into text field 'id=password'.</msg>
<status status="PASS" starttime="20240414 14:24:13.435" endtime="20240414 14:24:13.534"/>
</kw>
<kw name="Click Button" library="SeleniumLibrary">
<arg>${oLoginButton}</arg>
<doc>Clicks the button identified by ``locator``.</doc>
<msg timestamp="20240414 14:24:13.534" level="INFO">Clicking button 'id=login-button'.</msg>
<status status="PASS" starttime="20240414 14:24:13.534" endtime="20240414 14:24:13.645"/>
</kw>
<status status="PASS" starttime="20240414 14:24:13.303" endtime="20240414 14:24:13.645"/>
</kw>
<status status="PASS" starttime="20240414 14:24:13.303" endtime="20240414 14:24:13.645"/>
</kw>
<kw name="Click Button" library="SeleniumLibrary">
<arg>${addToCart}</arg>
<doc>Clicks the button identified by ``locator``.</doc>
<msg timestamp="20240414 14:24:13.647" level="INFO">Clicking button 'xpath=//button[text()='Add to cart']'.</msg>
<status status="PASS" starttime="20240414 14:24:13.646" endtime="20240414 14:24:13.751"/>
</kw>
<kw name="Element Text Should Be" library="SeleniumLibrary">
<arg>${shoppingCartBadge}</arg>
<arg>1</arg>
<doc>Verifies that element ``locator`` contains exact the text ``expected``.</doc>
<msg timestamp="20240414 14:24:13.752" level="INFO">Verifying element 'xpath=//span[@class='shopping_cart_badge']' contains exact text '1'.</msg>
<status status="PASS" starttime="20240414 14:24:13.751" endtime="20240414 14:24:13.779"/>
</kw>
<kw name="Close Browser" library="SeleniumLibrary" type="TEARDOWN">
<doc>Closes the current browser.</doc>
<status status="PASS" starttime="20240414 14:24:13.780" endtime="20240414 14:24:16.066"/>
</kw>
<doc>Verify that a user can add an item to the cart</doc>
<tag>LOGIN</tag>
<tag>REGRESSION</tag>
<status status="PASS" starttime="20240414 14:24:05.567" endtime="20240414 14:24:16.067"/>
</test>
<test id="s1-t4" name="TC004 - Remove Item from Cart" line="35">
<kw name="Run Keywords" library="BuiltIn" type="SETUP">
<arg>TestSetup.Begin Web Test</arg>
<arg>AND</arg>
<arg>LoginPageSteps.Go To Login Page</arg>
<doc>Executes all the given keywords in a sequence.</doc>
<kw name="Begin Web Test" library="TestSetup">
<kw name="Convert To Boolean" library="BuiltIn">
<var>${maximize}</var>
<arg>${maximize}</arg>
<doc>Converts the given item to Boolean true or false.</doc>
<msg timestamp="20240414 14:24:16.070" level="INFO">${maximize} = True</msg>
<status status="PASS" starttime="20240414 14:24:16.069" endtime="20240414 14:24:16.070"/>
</kw>
<kw name="Convert To Boolean" library="BuiltIn">
<var>${headless}</var>
<arg>${headless}</arg>
<doc>Converts the given item to Boolean true or false.</doc>
<msg timestamp="20240414 14:24:16.071" level="INFO">${headless} = False</msg>
<status status="PASS" starttime="20240414 14:24:16.071" endtime="20240414 14:24:16.071"/>
</kw>
<kw name="Convert To Integer" library="BuiltIn">
<var>${browserWidth}</var>
<arg>${browserWidth}</arg>
<doc>Converts the given item to an integer number.</doc>
<msg timestamp="20240414 14:24:16.072" level="INFO">${browserWidth} = 1920</msg>
<status status="PASS" starttime="20240414 14:24:16.072" endtime="20240414 14:24:16.072"/>
</kw>
<kw name="Convert To Integer" library="BuiltIn">
<var>${browserHeight}</var>
<arg>${browserHeight}</arg>
<doc>Converts the given item to an integer number.</doc>
<msg timestamp="20240414 14:24:16.074" level="INFO">${browserHeight} = 1080</msg>
<status status="PASS" starttime="20240414 14:24:16.073" endtime="20240414 14:24:16.074"/>
</kw>
<if>
<branch type="IF" condition="'${browser}' == 'chrome'">
<kw name="Get Chromeoptions" library="BrowserOptions">
<var>${options}</var>
<arg>${headless}</arg>
<msg timestamp="20240414 14:24:16.075" level="INFO">Directory 'C:\INT\ROBOT_FW\Robot-taf\Resources\Download\' can not be created</msg>
<msg timestamp="20240414 14:24:16.075" level="INFO">${options} = &lt;selenium.webdriver.chrome.options.Options object at 0x00000208C62F2AA0&gt;</msg>
<status status="PASS" starttime="20240414 14:24:16.075" endtime="20240414 14:24:16.076"/>
</kw>
<status status="PASS" starttime="20240414 14:24:16.074" endtime="20240414 14:24:16.076"/>
</branch>
<branch type="ELSE IF" condition="'${browser}' == 'firefox'">
<kw name="Get Firefoxoptions" library="BrowserOptions">
<var>${options}</var>
<arg>${headless}</arg>
<status status="NOT RUN" starttime="20240414 14:24:16.076" endtime="20240414 14:24:16.077"/>
</kw>
<status status="NOT RUN" starttime="20240414 14:24:16.076" endtime="20240414 14:24:16.077"/>
</branch>
<branch type="ELSE IF" condition="'${browser}' == 'edge'">
<kw name="Get Edgeoptions" library="BrowserOptions">
<var>${options}</var>
<arg>${headless}</arg>
<status status="NOT RUN" starttime="20240414 14:24:16.077" endtime="20240414 14:24:16.077"/>
</kw>
<status status="NOT RUN" starttime="20240414 14:24:16.077" endtime="20240414 14:24:16.077"/>
</branch>
<status status="PASS" starttime="20240414 14:24:16.074" endtime="20240414 14:24:16.078"/>
</if>
<kw name="Get Driver Path" library="BrowserOptions">
<var>${driver_path}</var>
<arg>${browser}</arg>
<msg timestamp="20240414 14:24:16.078" level="INFO">====== WebDriver manager ======</msg>
<msg timestamp="20240414 14:24:20.280" level="INFO">Get LATEST chromedriver version for google-chrome</msg>
<msg timestamp="20240414 14:24:20.606" level="INFO">Get LATEST chromedriver version for google-chrome</msg>
<msg timestamp="20240414 14:24:20.752" level="INFO">Driver [C:\Users\ojilani\.wdm\drivers\chromedriver\win64\123.0.6312.122\chromedriver-win32/chromedriver.exe] found in cache</msg>
<msg timestamp="20240414 14:24:20.754" level="INFO">${driver_path} = C:\Users\ojilani\.wdm\drivers\chromedriver\win64\123.0.6312.122\chromedriver-win32/chromedriver.exe</msg>
<status status="PASS" starttime="20240414 14:24:16.078" endtime="20240414 14:24:20.754"/>
</kw>
<kw name="Open Browser" library="SeleniumLibrary">
<arg>about:blank</arg>
<arg>browser=${browser}</arg>
<arg>options=${options}</arg>
<arg>executable_path=${driver_path}</arg>
<doc>Opens a new browser instance to the optional ``url``.</doc>
<msg timestamp="20240414 14:24:20.759" level="INFO">Opening browser 'chrome' to base url 'about:blank'.</msg>
<status status="PASS" starttime="20240414 14:24:20.755" endtime="20240414 14:24:22.636"/>
</kw>
<kw name="Get Project Directory" library="FileUtil">
<var>${importUsers}</var>
<arg>Settings</arg>
<arg>${ENV}_users.robot</arg>
<msg timestamp="20240414 14:24:22.637" level="INFO">${importUsers} = C:\INT\ROBOT_FW\Robot-taf\Settings\AUTO_users.robot</msg>
<status status="PASS" starttime="20240414 14:24:22.636" endtime="20240414 14:24:22.637"/>
</kw>
<kw name="Import Resource" library="BuiltIn">
<arg>${importUsers}</arg>
<doc>Imports a resource file with the given path.</doc>
<status status="PASS" starttime="20240414 14:24:22.637" endtime="20240414 14:24:22.639"/>
</kw>
<kw name="Run Keyword If" library="BuiltIn">
<arg>${maximize}</arg>
<arg>Maximize Browser Window</arg>
<arg>ELSE</arg>
<arg>Set Window Size</arg>
<arg>${browserWidth}</arg>
<arg>${browserHeight}</arg>
<doc>Runs the given keyword with the given arguments, if ``condition`` is true.</doc>
<kw name="Maximize Browser Window" library="SeleniumLibrary">
<doc>Maximizes current browser window.</doc>
<status status="PASS" starttime="20240414 14:24:22.641" endtime="20240414 14:24:22.762"/>
</kw>
<status status="PASS" starttime="20240414 14:24:22.641" endtime="20240414 14:24:22.762"/>
</kw>
<status status="PASS" starttime="20240414 14:24:16.069" endtime="20240414 14:24:22.763"/>
</kw>
<kw name="Go To Login Page" library="LoginPageSteps">
<kw name="Go To Login Page" library="LoginPageKeywords">
<kw name="Go To" library="SeleniumLibrary">
<arg>${${ENV}_APP_LOGIN_URL}</arg>
<doc>Navigates the current browser window to the provided ``url``.</doc>
<msg timestamp="20240414 14:24:22.764" level="INFO">Opening url 'https://www.saucedemo.com/'</msg>
<status status="PASS" starttime="20240414 14:24:22.764" endtime="20240414 14:24:24.043"/>
</kw>
<kw name="Wait Login Page To Be Open" library="LoginPageKeywords">
<kw name="Wait Until Page Contains Element" library="SeleniumLibrary">
<arg>${oLoginUsernameInput}</arg>
<arg>${DELAY.VERYLONG}</arg>
<doc>Waits until the element ``locator`` appears on the current page.</doc>
<status status="PASS" starttime="20240414 14:24:24.044" endtime="20240414 14:24:24.062"/>
</kw>
<status status="PASS" starttime="20240414 14:24:24.044" endtime="20240414 14:24:24.062"/>
</kw>
<kw name="Set Page Zoom Level" library="Util">
<arg>${ZOOM_PERCENTAGE}</arg>
<kw name="Execute Javascript" library="SeleniumLibrary">
<arg>document.body.style.zoom = '${PERCENTAGE}%'</arg>
<doc>Executes the given JavaScript code with possible arguments.</doc>
<msg timestamp="20240414 14:24:24.064" level="INFO">Executing JavaScript:
document.body.style.zoom = '100%'
Without any arguments.</msg>
<status status="PASS" starttime="20240414 14:24:24.063" endtime="20240414 14:24:24.071"/>
</kw>
<status status="PASS" starttime="20240414 14:24:24.062" endtime="20240414 14:24:24.071"/>
</kw>
<status status="PASS" starttime="20240414 14:24:22.763" endtime="20240414 14:24:24.072"/>
</kw>
<status status="PASS" starttime="20240414 14:24:22.763" endtime="20240414 14:24:24.072"/>
</kw>
<status status="PASS" starttime="20240414 14:24:16.068" endtime="20240414 14:24:24.072"/>
</kw>
<kw name="Login With Valid Credentials in SauceDemo" library="LoginPageKeywords">
<kw name="Login With Credentials" library="LoginPageKeywords">
<arg>${validUsername}</arg>
<arg>${validPassword}</arg>
<kw name="Input Text" library="SeleniumLibrary">
<arg>${oUserName}</arg>
<arg>${username}</arg>
<doc>Types the given ``text`` into the text field identified by ``locator``.</doc>
<msg timestamp="20240414 14:24:24.075" level="INFO">Typing text 'standard_user' into text field 'id=user-name'.</msg>
<status status="PASS" starttime="20240414 14:24:24.074" endtime="20240414 14:24:24.213"/>
</kw>
<kw name="Input Text" library="SeleniumLibrary">
<arg>${oPassword}</arg>
<arg>${password}</arg>
<doc>Types the given ``text`` into the text field identified by ``locator``.</doc>
<msg timestamp="20240414 14:24:24.214" level="INFO">Typing text 'secret_sauce' into text field 'id=password'.</msg>
<status status="PASS" starttime="20240414 14:24:24.213" endtime="20240414 14:24:24.297"/>
</kw>
<kw name="Click Button" library="SeleniumLibrary">
<arg>${oLoginButton}</arg>
<doc>Clicks the button identified by ``locator``.</doc>
<msg timestamp="20240414 14:24:24.298" level="INFO">Clicking button 'id=login-button'.</msg>
<status status="PASS" starttime="20240414 14:24:24.297" endtime="20240414 14:24:24.393"/>
</kw>
<status status="PASS" starttime="20240414 14:24:24.074" endtime="20240414 14:24:24.394"/>
</kw>
<status status="PASS" starttime="20240414 14:24:24.072" endtime="20240414 14:24:24.394"/>
</kw>
<kw name="Click Button" library="SeleniumLibrary">
<arg>${addToCart}</arg>
<doc>Clicks the button identified by ``locator``.</doc>
<msg timestamp="20240414 14:24:24.395" level="INFO">Clicking button 'xpath=//button[text()='Add to cart']'.</msg>
<status status="PASS" starttime="20240414 14:24:24.394" endtime="20240414 14:24:24.489"/>
</kw>
<kw name="Click Button" library="SeleniumLibrary">
<arg>${removeButton}</arg>
<doc>Clicks the button identified by ``locator``.</doc>
<msg timestamp="20240414 14:24:24.490" level="INFO">Clicking button 'xpath=//button[text()='Remove']'.</msg>
<status status="PASS" starttime="20240414 14:24:24.489" endtime="20240414 14:24:24.555"/>
</kw>
<kw name="Page Should Not Contain Element" library="SeleniumLibrary">
<arg>${shoppingCartBadge}</arg>
<doc>Verifies that element ``locator`` is not found on the current page.</doc>
<msg timestamp="20240414 14:24:24.568" level="INFO">Current page does not contain element 'xpath=//span[@class='shopping_cart_badge']'.</msg>
<status status="PASS" starttime="20240414 14:24:24.556" endtime="20240414 14:24:24.568"/>
</kw>
<kw name="Close Browser" library="SeleniumLibrary" type="TEARDOWN">
<doc>Closes the current browser.</doc>
<status status="PASS" starttime="20240414 14:24:24.568" endtime="20240414 14:24:26.882"/>
</kw>
<doc>Verify that a user can remove an item from the cart</doc>
<tag>LOGIN</tag>
<tag>REGRESSION</tag>
<status status="PASS" starttime="20240414 14:24:16.067" endtime="20240414 14:24:26.883"/>
</test>
<test id="s1-t5" name="TC005 - View Cart" line="43">
<kw name="Run Keywords" library="BuiltIn" type="SETUP">
<arg>TestSetup.Begin Web Test</arg>
<arg>AND</arg>
<arg>LoginPageSteps.Go To Login Page</arg>
<doc>Executes all the given keywords in a sequence.</doc>
<kw name="Begin Web Test" library="TestSetup">
<kw name="Convert To Boolean" library="BuiltIn">
<var>${maximize}</var>
<arg>${maximize}</arg>
<doc>Converts the given item to Boolean true or false.</doc>
<msg timestamp="20240414 14:24:26.893" level="INFO">${maximize} = True</msg>
<status status="PASS" starttime="20240414 14:24:26.891" endtime="20240414 14:24:26.893"/>
</kw>
<kw name="Convert To Boolean" library="BuiltIn">
<var>${headless}</var>
<arg>${headless}</arg>
<doc>Converts the given item to Boolean true or false.</doc>
<msg timestamp="20240414 14:24:26.896" level="INFO">${headless} = False</msg>
<status status="PASS" starttime="20240414 14:24:26.894" endtime="20240414 14:24:26.897"/>
</kw>
<kw name="Convert To Integer" library="BuiltIn">
<var>${browserWidth}</var>
<arg>${browserWidth}</arg>
<doc>Converts the given item to an integer number.</doc>
<msg timestamp="20240414 14:24:26.901" level="INFO">${browserWidth} = 1920</msg>
<status status="PASS" starttime="20240414 14:24:26.899" endtime="20240414 14:24:26.901"/>
</kw>
<kw name="Convert To Integer" library="BuiltIn">
<var>${browserHeight}</var>
<arg>${browserHeight}</arg>
<doc>Converts the given item to an integer number.</doc>
<msg timestamp="20240414 14:24:26.903" level="INFO">${browserHeight} = 1080</msg>
<status status="PASS" starttime="20240414 14:24:26.902" endtime="20240414 14:24:26.903"/>
</kw>
<if>
<branch type="IF" condition="'${browser}' == 'chrome'">
<kw name="Get Chromeoptions" library="BrowserOptions">
<var>${options}</var>
<arg>${headless}</arg>
<msg timestamp="20240414 14:24:26.905" level="INFO">Directory 'C:\INT\ROBOT_FW\Robot-taf\Resources\Download\' can not be created</msg>
<msg timestamp="20240414 14:24:26.906" level="INFO">${options} = &lt;selenium.webdriver.chrome.options.Options object at 0x00000208C682BB20&gt;</msg>
<status status="PASS" starttime="20240414 14:24:26.904" endtime="20240414 14:24:26.906"/>
</kw>
<status status="PASS" starttime="20240414 14:24:26.903" endtime="20240414 14:24:26.907"/>
</branch>
<branch type="ELSE IF" condition="'${browser}' == 'firefox'">
<kw name="Get Firefoxoptions" library="BrowserOptions">
<var>${options}</var>
<arg>${headless}</arg>
<status status="NOT RUN" starttime="20240414 14:24:26.907" endtime="20240414 14:24:26.908"/>
</kw>
<status status="NOT RUN" starttime="20240414 14:24:26.907" endtime="20240414 14:24:26.908"/>
</branch>
<branch type="ELSE IF" condition="'${browser}' == 'edge'">
<kw name="Get Edgeoptions" library="BrowserOptions">
<var>${options}</var>
<arg>${headless}</arg>
<status status="NOT RUN" starttime="20240414 14:24:26.909" endtime="20240414 14:24:26.909"/>
</kw>
<status status="NOT RUN" starttime="20240414 14:24:26.908" endtime="20240414 14:24:26.909"/>
</branch>
<status status="PASS" starttime="20240414 14:24:26.903" endtime="20240414 14:24:26.910"/>
</if>
<kw name="Get Driver Path" library="BrowserOptions">
<var>${driver_path}</var>
<arg>${browser}</arg>
<msg timestamp="20240414 14:24:26.911" level="INFO">====== WebDriver manager ======</msg>
<msg timestamp="20240414 14:24:31.188" level="INFO">Get LATEST chromedriver version for google-chrome</msg>
<msg timestamp="20240414 14:24:31.260" level="INFO">Get LATEST chromedriver version for google-chrome</msg>
<msg timestamp="20240414 14:24:31.331" level="INFO">Driver [C:\Users\ojilani\.wdm\drivers\chromedriver\win64\123.0.6312.122\chromedriver-win32/chromedriver.exe] found in cache</msg>
<msg timestamp="20240414 14:24:31.332" level="INFO">${driver_path} = C:\Users\ojilani\.wdm\drivers\chromedriver\win64\123.0.6312.122\chromedriver-win32/chromedriver.exe</msg>
<status status="PASS" starttime="20240414 14:24:26.910" endtime="20240414 14:24:31.332"/>
</kw>
<kw name="Open Browser" library="SeleniumLibrary">
<arg>about:blank</arg>
<arg>browser=${browser}</arg>
<arg>options=${options}</arg>
<arg>executable_path=${driver_path}</arg>
<doc>Opens a new browser instance to the optional ``url``.</doc>
<msg timestamp="20240414 14:24:31.335" level="INFO">Opening browser 'chrome' to base url 'about:blank'.</msg>
<status status="PASS" starttime="20240414 14:24:31.333" endtime="20240414 14:24:33.195"/>
</kw>
<kw name="Get Project Directory" library="FileUtil">
<var>${importUsers}</var>
<arg>Settings</arg>
<arg>${ENV}_users.robot</arg>
<msg timestamp="20240414 14:24:33.196" level="INFO">${importUsers} = C:\INT\ROBOT_FW\Robot-taf\Settings\AUTO_users.robot</msg>
<status status="PASS" starttime="20240414 14:24:33.195" endtime="20240414 14:24:33.196"/>
</kw>
<kw name="Import Resource" library="BuiltIn">
<arg>${importUsers}</arg>
<doc>Imports a resource file with the given path.</doc>
<status status="PASS" starttime="20240414 14:24:33.196" endtime="20240414 14:24:33.198"/>
</kw>
<kw name="Run Keyword If" library="BuiltIn">
<arg>${maximize}</arg>
<arg>Maximize Browser Window</arg>
<arg>ELSE</arg>
<arg>Set Window Size</arg>
<arg>${browserWidth}</arg>
<arg>${browserHeight}</arg>
<doc>Runs the given keyword with the given arguments, if ``condition`` is true.</doc>
<kw name="Maximize Browser Window" library="SeleniumLibrary">
<doc>Maximizes current browser window.</doc>
<status status="PASS" starttime="20240414 14:24:33.199" endtime="20240414 14:24:33.326"/>
</kw>
<status status="PASS" starttime="20240414 14:24:33.199" endtime="20240414 14:24:33.327"/>
</kw>
<status status="PASS" starttime="20240414 14:24:26.889" endtime="20240414 14:24:33.327"/>
</kw>
<kw name="Go To Login Page" library="LoginPageSteps">
<kw name="Go To Login Page" library="LoginPageKeywords">
<kw name="Go To" library="SeleniumLibrary">
<arg>${${ENV}_APP_LOGIN_URL}</arg>
<doc>Navigates the current browser window to the provided ``url``.</doc>
<msg timestamp="20240414 14:24:33.329" level="INFO">Opening url 'https://www.saucedemo.com/'</msg>
<status status="PASS" starttime="20240414 14:24:33.329" endtime="20240414 14:24:34.455"/>
</kw>
<kw name="Wait Login Page To Be Open" library="LoginPageKeywords">
<kw name="Wait Until Page Contains Element" library="SeleniumLibrary">
<arg>${oLoginUsernameInput}</arg>
<arg>${DELAY.VERYLONG}</arg>
<doc>Waits until the element ``locator`` appears on the current page.</doc>
<status status="PASS" starttime="20240414 14:24:34.456" endtime="20240414 14:24:34.475"/>
</kw>
<status status="PASS" starttime="20240414 14:24:34.456" endtime="20240414 14:24:34.475"/>
</kw>
<kw name="Set Page Zoom Level" library="Util">
<arg>${ZOOM_PERCENTAGE}</arg>
<kw name="Execute Javascript" library="SeleniumLibrary">
<arg>document.body.style.zoom = '${PERCENTAGE}%'</arg>
<doc>Executes the given JavaScript code with possible arguments.</doc>
<msg timestamp="20240414 14:24:34.478" level="INFO">Executing JavaScript:
document.body.style.zoom = '100%'
Without any arguments.</msg>
<status status="PASS" starttime="20240414 14:24:34.476" endtime="20240414 14:24:34.485"/>
</kw>
<status status="PASS" starttime="20240414 14:24:34.476" endtime="20240414 14:24:34.485"/>
</kw>
<status status="PASS" starttime="20240414 14:24:33.328" endtime="20240414 14:24:34.486"/>
</kw>
<status status="PASS" starttime="20240414 14:24:33.327" endtime="20240414 14:24:34.486"/>
</kw>
<status status="PASS" starttime="20240414 14:24:26.888" endtime="20240414 14:24:34.486"/>
</kw>
<kw name="Login With Valid Credentials in SauceDemo" library="LoginPageKeywords">
<kw name="Login With Credentials" library="LoginPageKeywords">
<arg>${validUsername}</arg>
<arg>${validPassword}</arg>
<kw name="Input Text" library="SeleniumLibrary">
<arg>${oUserName}</arg>
<arg>${username}</arg>
<doc>Types the given ``text`` into the text field identified by ``locator``.</doc>
<msg timestamp="20240414 14:24:34.490" level="INFO">Typing text 'standard_user' into text field 'id=user-name'.</msg>
<status status="PASS" starttime="20240414 14:24:34.489" endtime="20240414 14:24:34.646"/>
</kw>
<kw name="Input Text" library="SeleniumLibrary">
<arg>${oPassword}</arg>
<arg>${password}</arg>
<doc>Types the given ``text`` into the text field identified by ``locator``.</doc>
<msg timestamp="20240414 14:24:34.648" level="INFO">Typing text 'secret_sauce' into text field 'id=password'.</msg>
<status status="PASS" starttime="20240414 14:24:34.647" endtime="20240414 14:24:34.767"/>
</kw>
<kw name="Click Button" library="SeleniumLibrary">
<arg>${oLoginButton}</arg>
<doc>Clicks the button identified by ``locator``.</doc>
<msg timestamp="20240414 14:24:34.768" level="INFO">Clicking button 'id=login-button'.</msg>
<status status="PASS" starttime="20240414 14:24:34.767" endtime="20240414 14:24:34.895"/>
</kw>
<status status="PASS" starttime="20240414 14:24:34.488" endtime="20240414 14:24:34.895"/>
</kw>
<status status="PASS" starttime="20240414 14:24:34.486" endtime="20240414 14:24:34.896"/>
</kw>
<kw name="Click Element" library="SeleniumLibrary">
<arg>${shoopingCartLink}</arg>
<doc>Click the element identified by ``locator``.</doc>
<msg timestamp="20240414 14:24:34.896" level="INFO">Clicking element 'xpath=//a[contains(@class, 'shopping_cart_link')]'.</msg>
<status status="PASS" starttime="20240414 14:24:34.896" endtime="20240414 14:24:34.951"/>
</kw>
<kw name="Location Should Be" library="SeleniumLibrary">
<arg>${CartUrl}</arg>
<doc>Verifies that the current URL is exactly ``url``.</doc>
<msg timestamp="20240414 14:24:34.958" level="INFO">Current location is 'https://www.saucedemo.com/cart.html'.</msg>
<status status="PASS" starttime="20240414 14:24:34.951" endtime="20240414 14:24:34.958"/>
</kw>
<kw name="Close Browser" library="SeleniumLibrary" type="TEARDOWN">
<doc>Closes the current browser.</doc>
<status status="PASS" starttime="20240414 14:24:34.959" endtime="20240414 14:24:37.346"/>
</kw>
<doc>Verify that a user can view their cart</doc>
<tag>LOGIN</tag>
<tag>REGRESSION</tag>
<status status="PASS" starttime="20240414 14:24:26.885" endtime="20240414 14:24:37.346"/>
</test>
<test id="s1-t6" name="TC006 - Clear Cart" line="50">
<kw name="Run Keywords" library="BuiltIn" type="SETUP">
<arg>TestSetup.Begin Web Test</arg>
<arg>AND</arg>
<arg>LoginPageSteps.Go To Login Page</arg>
<doc>Executes all the given keywords in a sequence.</doc>
<kw name="Begin Web Test" library="TestSetup">
<kw name="Convert To Boolean" library="BuiltIn">
<var>${maximize}</var>
<arg>${maximize}</arg>
<doc>Converts the given item to Boolean true or false.</doc>
<msg timestamp="20240414 14:24:37.348" level="INFO">${maximize} = True</msg>
<status status="PASS" starttime="20240414 14:24:37.348" endtime="20240414 14:24:37.348"/>
</kw>
<kw name="Convert To Boolean" library="BuiltIn">
<var>${headless}</var>
<arg>${headless}</arg>
<doc>Converts the given item to Boolean true or false.</doc>
<msg timestamp="20240414 14:24:37.349" level="INFO">${headless} = False</msg>
<status status="PASS" starttime="20240414 14:24:37.349" endtime="20240414 14:24:37.349"/>
</kw>
<kw name="Convert To Integer" library="BuiltIn">
<var>${browserWidth}</var>
<arg>${browserWidth}</arg>
<doc>Converts the given item to an integer number.</doc>
<msg timestamp="20240414 14:24:37.350" level="INFO">${browserWidth} = 1920</msg>
<status status="PASS" starttime="20240414 14:24:37.349" endtime="20240414 14:24:37.350"/>
</kw>
<kw name="Convert To Integer" library="BuiltIn">
<var>${browserHeight}</var>
<arg>${browserHeight}</arg>
<doc>Converts the given item to an integer number.</doc>
<msg timestamp="20240414 14:24:37.350" level="INFO">${browserHeight} = 1080</msg>
<status status="PASS" starttime="20240414 14:24:37.350" endtime="20240414 14:24:37.350"/>
</kw>
<if>
<branch type="IF" condition="'${browser}' == 'chrome'">
<kw name="Get Chromeoptions" library="BrowserOptions">
<var>${options}</var>
<arg>${headless}</arg>
<msg timestamp="20240414 14:24:37.351" level="INFO">Directory 'C:\INT\ROBOT_FW\Robot-taf\Resources\Download\' can not be created</msg>
<msg timestamp="20240414 14:24:37.352" level="INFO">${options} = &lt;selenium.webdriver.chrome.options.Options object at 0x00000208C682BC10&gt;</msg>
<status status="PASS" starttime="20240414 14:24:37.351" endtime="20240414 14:24:37.352"/>
</kw>
<status status="PASS" starttime="20240414 14:24:37.351" endtime="20240414 14:24:37.352"/>
</branch>
<branch type="ELSE IF" condition="'${browser}' == 'firefox'">
<kw name="Get Firefoxoptions" library="BrowserOptions">
<var>${options}</var>
<arg>${headless}</arg>
<status status="NOT RUN" starttime="20240414 14:24:37.352" endtime="20240414 14:24:37.352"/>
</kw>
<status status="NOT RUN" starttime="20240414 14:24:37.352" endtime="20240414 14:24:37.352"/>
</branch>
<branch type="ELSE IF" condition="'${browser}' == 'edge'">
<kw name="Get Edgeoptions" library="BrowserOptions">
<var>${options}</var>
<arg>${headless}</arg>
<status status="NOT RUN" starttime="20240414 14:24:37.352" endtime="20240414 14:24:37.352"/>
</kw>
<status status="NOT RUN" starttime="20240414 14:24:37.352" endtime="20240414 14:24:37.354"/>
</branch>
<status status="PASS" starttime="20240414 14:24:37.351" endtime="20240414 14:24:37.354"/>
</if>
<kw name="Get Driver Path" library="BrowserOptions">
<var>${driver_path}</var>
<arg>${browser}</arg>
<msg timestamp="20240414 14:24:37.354" level="INFO">====== WebDriver manager ======</msg>
<msg timestamp="20240414 14:24:41.577" level="INFO">Get LATEST chromedriver version for google-chrome</msg>
<msg timestamp="20240414 14:24:41.683" level="INFO">Get LATEST chromedriver version for google-chrome</msg>
<msg timestamp="20240414 14:24:41.789" level="INFO">Driver [C:\Users\ojilani\.wdm\drivers\chromedriver\win64\123.0.6312.122\chromedriver-win32/chromedriver.exe] found in cache</msg>
<msg timestamp="20240414 14:24:41.790" level="INFO">${driver_path} = C:\Users\ojilani\.wdm\drivers\chromedriver\win64\123.0.6312.122\chromedriver-win32/chromedriver.exe</msg>
<status status="PASS" starttime="20240414 14:24:37.354" endtime="20240414 14:24:41.791"/>
</kw>
<kw name="Open Browser" library="SeleniumLibrary">
<arg>about:blank</arg>
<arg>browser=${browser}</arg>
<arg>options=${options}</arg>
<arg>executable_path=${driver_path}</arg>
<doc>Opens a new browser instance to the optional ``url``.</doc>
<msg timestamp="20240414 14:24:41.794" level="INFO">Opening browser 'chrome' to base url 'about:blank'.</msg>
<status status="PASS" starttime="20240414 14:24:41.791" endtime="20240414 14:24:43.607"/>
</kw>
<kw name="Get Project Directory" library="FileUtil">
<var>${importUsers}</var>
<arg>Settings</arg>
<arg>${ENV}_users.robot</arg>
<msg timestamp="20240414 14:24:43.608" level="INFO">${importUsers} = C:\INT\ROBOT_FW\Robot-taf\Settings\AUTO_users.robot</msg>
<status status="PASS" starttime="20240414 14:24:43.607" endtime="20240414 14:24:43.608"/>
</kw>
<kw name="Import Resource" library="BuiltIn">
<arg>${importUsers}</arg>
<doc>Imports a resource file with the given path.</doc>
<status status="PASS" starttime="20240414 14:24:43.608" endtime="20240414 14:24:43.610"/>
</kw>
<kw name="Run Keyword If" library="BuiltIn">
<arg>${maximize}</arg>
<arg>Maximize Browser Window</arg>
<arg>ELSE</arg>
<arg>Set Window Size</arg>
<arg>${browserWidth}</arg>
<arg>${browserHeight}</arg>
<doc>Runs the given keyword with the given arguments, if ``condition`` is true.</doc>
<kw name="Maximize Browser Window" library="SeleniumLibrary">
<doc>Maximizes current browser window.</doc>
<status status="PASS" starttime="20240414 14:24:43.611" endtime="20240414 14:24:43.744"/>
</kw>
<status status="PASS" starttime="20240414 14:24:43.610" endtime="20240414 14:24:43.744"/>
</kw>
<status status="PASS" starttime="20240414 14:24:37.347" endtime="20240414 14:24:43.745"/>
</kw>
<kw name="Go To Login Page" library="LoginPageSteps">
<kw name="Go To Login Page" library="LoginPageKeywords">
<kw name="Go To" library="SeleniumLibrary">
<arg>${${ENV}_APP_LOGIN_URL}</arg>
<doc>Navigates the current browser window to the provided ``url``.</doc>
<msg timestamp="20240414 14:24:43.751" level="INFO">Opening url 'https://www.saucedemo.com/'</msg>
<status status="PASS" starttime="20240414 14:24:43.749" endtime="20240414 14:24:44.877"/>
</kw>
<kw name="Wait Login Page To Be Open" library="LoginPageKeywords">
<kw name="Wait Until Page Contains Element" library="SeleniumLibrary">
<arg>${oLoginUsernameInput}</arg>
<arg>${DELAY.VERYLONG}</arg>
<doc>Waits until the element ``locator`` appears on the current page.</doc>
<status status="PASS" starttime="20240414 14:24:44.877" endtime="20240414 14:24:44.893"/>
</kw>
<status status="PASS" starttime="20240414 14:24:44.877" endtime="20240414 14:24:44.893"/>
</kw>
<kw name="Set Page Zoom Level" library="Util">
<arg>${ZOOM_PERCENTAGE}</arg>
<kw name="Execute Javascript" library="SeleniumLibrary">
<arg>document.body.style.zoom = '${PERCENTAGE}%'</arg>
<doc>Executes the given JavaScript code with possible arguments.</doc>
<msg timestamp="20240414 14:24:44.897" level="INFO">Executing JavaScript:
document.body.style.zoom = '100%'
Without any arguments.</msg>
<status status="PASS" starttime="20240414 14:24:44.895" endtime="20240414 14:24:44.905"/>
</kw>
<status status="PASS" starttime="20240414 14:24:44.895" endtime="20240414 14:24:44.905"/>
</kw>
<status status="PASS" starttime="20240414 14:24:43.748" endtime="20240414 14:24:44.905"/>
</kw>
<status status="PASS" starttime="20240414 14:24:43.746" endtime="20240414 14:24:44.906"/>
</kw>
<status status="PASS" starttime="20240414 14:24:37.347" endtime="20240414 14:24:44.906"/>
</kw>
<kw name="Login With Valid Credentials in SauceDemo" library="LoginPageKeywords">
<kw name="Login With Credentials" library="LoginPageKeywords">
<arg>${validUsername}</arg>
<arg>${validPassword}</arg>
<kw name="Input Text" library="SeleniumLibrary">
<arg>${oUserName}</arg>
<arg>${username}</arg>
<doc>Types the given ``text`` into the text field identified by ``locator``.</doc>
<msg timestamp="20240414 14:24:44.907" level="INFO">Typing text 'standard_user' into text field 'id=user-name'.</msg>
<status status="PASS" starttime="20240414 14:24:44.907" endtime="20240414 14:24:45.044"/>
</kw>
<kw name="Input Text" library="SeleniumLibrary">
<arg>${oPassword}</arg>
<arg>${password}</arg>
<doc>Types the given ``text`` into the text field identified by ``locator``.</doc>
<msg timestamp="20240414 14:24:45.045" level="INFO">Typing text 'secret_sauce' into text field 'id=password'.</msg>
<status status="PASS" starttime="20240414 14:24:45.044" endtime="20240414 14:24:45.136"/>
</kw>
<kw name="Click Button" library="SeleniumLibrary">
<arg>${oLoginButton}</arg>
<doc>Clicks the button identified by ``locator``.</doc>
<msg timestamp="20240414 14:24:45.137" level="INFO">Clicking button 'id=login-button'.</msg>
<status status="PASS" starttime="20240414 14:24:45.136" endtime="20240414 14:24:45.244"/>
</kw>
<status status="PASS" starttime="20240414 14:24:44.906" endtime="20240414 14:24:45.245"/>
</kw>
<status status="PASS" starttime="20240414 14:24:44.906" endtime="20240414 14:24:45.245"/>
</kw>
<kw name="Click Button" library="SeleniumLibrary">
<arg>${addToCart}</arg>
<doc>Clicks the button identified by ``locator``.</doc>
<msg timestamp="20240414 14:24:45.246" level="INFO">Clicking button 'xpath=//button[text()='Add to cart']'.</msg>
<status status="PASS" starttime="20240414 14:24:45.245" endtime="20240414 14:24:45.343"/>
</kw>
<kw name="Click Element" library="SeleniumLibrary">
<arg>${shoopingCartLink}</arg>
<doc>Click the element identified by ``locator``.</doc>
<msg timestamp="20240414 14:24:45.344" level="INFO">Clicking element 'xpath=//a[contains(@class, 'shopping_cart_link')]'.</msg>
<status status="PASS" starttime="20240414 14:24:45.343" endtime="20240414 14:24:45.393"/>
</kw>
<kw name="Click Button" library="SeleniumLibrary">
<arg>${removeButton}</arg>
<doc>Clicks the button identified by ``locator``.</doc>
<msg timestamp="20240414 14:24:45.395" level="INFO">Clicking button 'xpath=//button[text()='Remove']'.</msg>
<status status="PASS" starttime="20240414 14:24:45.393" endtime="20240414 14:24:45.462"/>
</kw>
<kw name="Page Should Not Contain Element" library="SeleniumLibrary">
<arg>${shoppingCartBadge}</arg>
<doc>Verifies that element ``locator`` is not found on the current page.</doc>
<msg timestamp="20240414 14:24:45.473" level="INFO">Current page does not contain element 'xpath=//span[@class='shopping_cart_badge']'.</msg>
<status status="PASS" starttime="20240414 14:24:45.462" endtime="20240414 14:24:45.473"/>
</kw>
<kw name="Close Browser" library="SeleniumLibrary" type="TEARDOWN">
<doc>Closes the current browser.</doc>
<status status="PASS" starttime="20240414 14:24:45.474" endtime="20240414 14:24:47.770"/>
</kw>
<doc>Verify that a user can clear their cart</doc>
<tag>LOGIN</tag>
<tag>REGRESSION</tag>
<status status="PASS" starttime="20240414 14:24:37.346" endtime="20240414 14:24:47.772"/>
</test>
<test id="s1-t7" name="TC007 - Complete Checkout with Valid Information" line="59">
<kw name="Run Keywords" library="BuiltIn" type="SETUP">
<arg>TestSetup.Begin Web Test</arg>
<arg>AND</arg>
<arg>LoginPageSteps.Go To Login Page</arg>
<doc>Executes all the given keywords in a sequence.</doc>
<kw name="Begin Web Test" library="TestSetup">
<kw name="Convert To Boolean" library="BuiltIn">
<var>${maximize}</var>
<arg>${maximize}</arg>
<doc>Converts the given item to Boolean true or false.</doc>
<msg timestamp="20240414 14:24:47.777" level="INFO">${maximize} = True</msg>
<status status="PASS" starttime="20240414 14:24:47.776" endtime="20240414 14:24:47.778"/>
</kw>
<kw name="Convert To Boolean" library="BuiltIn">
<var>${headless}</var>
<arg>${headless}</arg>
<doc>Converts the given item to Boolean true or false.</doc>
<msg timestamp="20240414 14:24:47.779" level="INFO">${headless} = False</msg>
<status status="PASS" starttime="20240414 14:24:47.778" endtime="20240414 14:24:47.779"/>
</kw>
<kw name="Convert To Integer" library="BuiltIn">
<var>${browserWidth}</var>
<arg>${browserWidth}</arg>
<doc>Converts the given item to an integer number.</doc>
<msg timestamp="20240414 14:24:47.781" level="INFO">${browserWidth} = 1920</msg>
<status status="PASS" starttime="20240414 14:24:47.780" endtime="20240414 14:24:47.781"/>
</kw>
<kw name="Convert To Integer" library="BuiltIn">
<var>${browserHeight}</var>
<arg>${browserHeight}</arg>
<doc>Converts the given item to an integer number.</doc>
<msg timestamp="20240414 14:24:47.782" level="INFO">${browserHeight} = 1080</msg>
<status status="PASS" starttime="20240414 14:24:47.781" endtime="20240414 14:24:47.782"/>
</kw>
<if>
<branch type="IF" condition="'${browser}' == 'chrome'">
<kw name="Get Chromeoptions" library="BrowserOptions">
<var>${options}</var>
<arg>${headless}</arg>
<msg timestamp="20240414 14:24:47.784" level="INFO">Directory 'C:\INT\ROBOT_FW\Robot-taf\Resources\Download\' can not be created</msg>
<msg timestamp="20240414 14:24:47.785" level="INFO">${options} = &lt;selenium.webdriver.chrome.options.Options object at 0x00000208C62F1F90&gt;</msg>
<status status="PASS" starttime="20240414 14:24:47.783" endtime="20240414 14:24:47.785"/>
</kw>
<status status="PASS" starttime="20240414 14:24:47.783" endtime="20240414 14:24:47.785"/>
</branch>
<branch type="ELSE IF" condition="'${browser}' == 'firefox'">
<kw name="Get Firefoxoptions" library="BrowserOptions">
<var>${options}</var>
<arg>${headless}</arg>
<status status="NOT RUN" starttime="20240414 14:24:47.786" endtime="20240414 14:24:47.786"/>
</kw>
<status status="NOT RUN" starttime="20240414 14:24:47.785" endtime="20240414 14:24:47.786"/>
</branch>
<branch type="ELSE IF" condition="'${browser}' == 'edge'">
<kw name="Get Edgeoptions" library="BrowserOptions">
<var>${options}</var>
<arg>${headless}</arg>
<status status="NOT RUN" starttime="20240414 14:24:47.787" endtime="20240414 14:24:47.787"/>
</kw>
<status status="NOT RUN" starttime="20240414 14:24:47.787" endtime="20240414 14:24:47.787"/>
</branch>
<status status="PASS" starttime="20240414 14:24:47.782" endtime="20240414 14:24:47.788"/>
</if>
<kw name="Get Driver Path" library="BrowserOptions">
<var>${driver_path}</var>
<arg>${browser}</arg>
<msg timestamp="20240414 14:24:47.788" level="INFO">====== WebDriver manager ======</msg>
<msg timestamp="20240414 14:24:52.161" level="INFO">Get LATEST chromedriver version for google-chrome</msg>
<msg timestamp="20240414 14:24:52.236" level="INFO">Get LATEST chromedriver version for google-chrome</msg>
<msg timestamp="20240414 14:24:52.348" level="INFO">Driver [C:\Users\ojilani\.wdm\drivers\chromedriver\win64\123.0.6312.122\chromedriver-win32/chromedriver.exe] found in cache</msg>
<msg timestamp="20240414 14:24:52.349" level="INFO">${driver_path} = C:\Users\ojilani\.wdm\drivers\chromedriver\win64\123.0.6312.122\chromedriver-win32/chromedriver.exe</msg>
<status status="PASS" starttime="20240414 14:24:47.788" endtime="20240414 14:24:52.349"/>
</kw>
<kw name="Open Browser" library="SeleniumLibrary">
<arg>about:blank</arg>
<arg>browser=${browser}</arg>
<arg>options=${options}</arg>
<arg>executable_path=${driver_path}</arg>
<doc>Opens a new browser instance to the optional ``url``.</doc>
<msg timestamp="20240414 14:24:52.353" level="INFO">Opening browser 'chrome' to base url 'about:blank'.</msg>
<status status="PASS" starttime="20240414 14:24:52.350" endtime="20240414 14:24:54.288"/>
</kw>
<kw name="Get Project Directory" library="FileUtil">
<var>${importUsers}</var>
<arg>Settings</arg>
<arg>${ENV}_users.robot</arg>
<msg timestamp="20240414 14:24:54.290" level="INFO">${importUsers} = C:\INT\ROBOT_FW\Robot-taf\Settings\AUTO_users.robot</msg>
<status status="PASS" starttime="20240414 14:24:54.289" endtime="20240414 14:24:54.290"/>
</kw>
<kw name="Import Resource" library="BuiltIn">
<arg>${importUsers}</arg>
<doc>Imports a resource file with the given path.</doc>
<status status="PASS" starttime="20240414 14:24:54.290" endtime="20240414 14:24:54.292"/>
</kw>
<kw name="Run Keyword If" library="BuiltIn">
<arg>${maximize}</arg>
<arg>Maximize Browser Window</arg>
<arg>ELSE</arg>
<arg>Set Window Size</arg>
<arg>${browserWidth}</arg>
<arg>${browserHeight}</arg>
<doc>Runs the given keyword with the given arguments, if ``condition`` is true.</doc>
<kw name="Maximize Browser Window" library="SeleniumLibrary">
<doc>Maximizes current browser window.</doc>
<status status="PASS" starttime="20240414 14:24:54.293" endtime="20240414 14:24:54.412"/>
</kw>
<status status="PASS" starttime="20240414 14:24:54.292" endtime="20240414 14:24:54.412"/>
</kw>
<status status="PASS" starttime="20240414 14:24:47.775" endtime="20240414 14:24:54.413"/>
</kw>
<kw name="Go To Login Page" library="LoginPageSteps">
<kw name="Go To Login Page" library="LoginPageKeywords">
<kw name="Go To" library="SeleniumLibrary">
<arg>${${ENV}_APP_LOGIN_URL}</arg>
<doc>Navigates the current browser window to the provided ``url``.</doc>
<msg timestamp="20240414 14:24:54.415" level="INFO">Opening url 'https://www.saucedemo.com/'</msg>
<status status="PASS" starttime="20240414 14:24:54.414" endtime="20240414 14:24:55.585"/>
</kw>
<kw name="Wait Login Page To Be Open" library="LoginPageKeywords">
<kw name="Wait Until Page Contains Element" library="SeleniumLibrary">
<arg>${oLoginUsernameInput}</arg>
<arg>${DELAY.VERYLONG}</arg>
<doc>Waits until the element ``locator`` appears on the current page.</doc>
<status status="PASS" starttime="20240414 14:24:55.586" endtime="20240414 14:24:55.602"/>
</kw>
<status status="PASS" starttime="20240414 14:24:55.585" endtime="20240414 14:24:55.602"/>
</kw>
<kw name="Set Page Zoom Level" library="Util">
<arg>${ZOOM_PERCENTAGE}</arg>
<kw name="Execute Javascript" library="SeleniumLibrary">
<arg>document.body.style.zoom = '${PERCENTAGE}%'</arg>
<doc>Executes the given JavaScript code with possible arguments.</doc>
<msg timestamp="20240414 14:24:55.603" level="INFO">Executing JavaScript:
document.body.style.zoom = '100%'
Without any arguments.</msg>
<status status="PASS" starttime="20240414 14:24:55.602" endtime="20240414 14:24:55.610"/>
</kw>
<status status="PASS" starttime="20240414 14:24:55.602" endtime="20240414 14:24:55.610"/>
</kw>
<status status="PASS" starttime="20240414 14:24:54.414" endtime="20240414 14:24:55.611"/>
</kw>
<status status="PASS" starttime="20240414 14:24:54.413" endtime="20240414 14:24:55.611"/>
</kw>
<status status="PASS" starttime="20240414 14:24:47.774" endtime="20240414 14:24:55.611"/>
</kw>
<kw name="Login With Valid Credentials in SauceDemo" library="LoginPageKeywords">
<kw name="Login With Credentials" library="LoginPageKeywords">
<arg>${validUsername}</arg>
<arg>${validPassword}</arg>
<kw name="Input Text" library="SeleniumLibrary">
<arg>${oUserName}</arg>
<arg>${username}</arg>
<doc>Types the given ``text`` into the text field identified by ``locator``.</doc>
<msg timestamp="20240414 14:24:55.615" level="INFO">Typing text 'standard_user' into text field 'id=user-name'.</msg>
<status status="PASS" starttime="20240414 14:24:55.614" endtime="20240414 14:24:55.748"/>
</kw>
<kw name="Input Text" library="SeleniumLibrary">
<arg>${oPassword}</arg>
<arg>${password}</arg>
<doc>Types the given ``text`` into the text field identified by ``locator``.</doc>
<msg timestamp="20240414 14:24:55.749" level="INFO">Typing text 'secret_sauce' into text field 'id=password'.</msg>
<status status="PASS" starttime="20240414 14:24:55.748" endtime="20240414 14:24:55.838"/>
</kw>
<kw name="Click Button" library="SeleniumLibrary">
<arg>${oLoginButton}</arg>
<doc>Clicks the button identified by ``locator``.</doc>
<msg timestamp="20240414 14:24:55.839" level="INFO">Clicking button 'id=login-button'.</msg>
<status status="PASS" starttime="20240414 14:24:55.839" endtime="20240414 14:24:55.954"/>
</kw>
<status status="PASS" starttime="20240414 14:24:55.613" endtime="20240414 14:24:55.954"/>
</kw>
<status status="PASS" starttime="20240414 14:24:55.611" endtime="20240414 14:24:55.955"/>
</kw>
<kw name="Add Item To Cart" library="LoginPageKeywords">
<kw name="Click Button" library="SeleniumLibrary">
<arg>${addToCart}</arg>
<doc>Clicks the button identified by ``locator``.</doc>
<msg timestamp="20240414 14:24:55.957" level="INFO">Clicking button 'xpath=//button[text()='Add to cart']'.</msg>
<status status="PASS" starttime="20240414 14:24:55.955" endtime="20240414 14:24:56.058"/>
</kw>
<status status="PASS" starttime="20240414 14:24:55.955" endtime="20240414 14:24:56.059"/>
</kw>
<kw name="Navigate To Cart Page" library="LoginPageKeywords">
<kw name="Click Element" library="SeleniumLibrary">
<arg>${shoopingCartLink}</arg>
<doc>Click the element identified by ``locator``.</doc>
<msg timestamp="20240414 14:24:56.060" level="INFO">Clicking element 'xpath=//a[contains(@class, 'shopping_cart_link')]'.</msg>
<status status="PASS" starttime="20240414 14:24:56.059" endtime="20240414 14:24:56.116"/>
</kw>
<status status="PASS" starttime="20240414 14:24:56.059" endtime="20240414 14:24:56.117"/>
</kw>
<kw name="Click Button" library="SeleniumLibrary">
<arg>${ocheckoutButton}</arg>
<doc>Clicks the button identified by ``locator``.</doc>
<msg timestamp="20240414 14:24:56.118" level="INFO">Clicking button 'id=checkout'.</msg>
<status status="PASS" starttime="20240414 14:24:56.117" endtime="20240414 14:24:56.184"/>
</kw>
<kw name="Enter Checkout Information" library="LoginPageKeywords">
<arg>John</arg>
<arg>Doe</arg>
<arg>12345</arg>
<kw name="Input Text" library="SeleniumLibrary">
<arg>${oFirstname}</arg>
<arg>${first_name}</arg>
<doc>Types the given ``text`` into the text field identified by ``locator``.</doc>
<msg timestamp="20240414 14:24:56.186" level="INFO">Typing text 'John' into text field 'id=first-name'.</msg>
<status status="PASS" starttime="20240414 14:24:56.185" endtime="20240414 14:24:56.266"/>
</kw>
<kw name="Input Text" library="SeleniumLibrary">
<arg>${oLastName}</arg>
<arg>${last_name}</arg>
<doc>Types the given ``text`` into the text field identified by ``locator``.</doc>
<msg timestamp="20240414 14:24:56.267" level="INFO">Typing text 'Doe' into text field 'id=last-name'.</msg>
<status status="PASS" starttime="20240414 14:24:56.267" endtime="20240414 14:24:56.351"/>
</kw>
<kw name="Input Text" library="SeleniumLibrary">
<arg>${oPostalCode}</arg>
<arg>${postal_code}</arg>
<doc>Types the given ``text`` into the text field identified by ``locator``.</doc>
<msg timestamp="20240414 14:24:56.353" level="INFO">Typing text '12345' into text field 'id=postal-code'.</msg>
<status status="PASS" starttime="20240414 14:24:56.351" endtime="20240414 14:24:56.432"/>
</kw>
<kw name="Click Button" library="SeleniumLibrary">
<arg>${oContinueButton}</arg>
<doc>Clicks the button identified by ``locator``.</doc>
<msg timestamp="20240414 14:24:56.433" level="INFO">Clicking button 'id=continue'.</msg>
<status status="PASS" starttime="20240414 14:24:56.432" endtime="20240414 14:24:56.488"/>
</kw>
<status status="PASS" starttime="20240414 14:24:56.184" endtime="20240414 14:24:56.489"/>
</kw>
<kw name="Click Button" library="SeleniumLibrary">
<arg>${finishButton}</arg>
<doc>Clicks the button identified by ``locator``.</doc>
<msg timestamp="20240414 14:24:56.490" level="INFO">Clicking button 'id=finish'.</msg>
<status status="PASS" starttime="20240414 14:24:56.489" endtime="20240414 14:24:56.545"/>
</kw>
<kw name="Wait Until Page Contains" library="SeleniumLibrary">
<arg>${porderDispachedMsg}</arg>
<doc>Waits until ``text`` appears on the current page.</doc>
<status status="PASS" starttime="20240414 14:24:56.546" endtime="20240414 14:24:56.557"/>
</kw>
<kw name="Close Browser" library="SeleniumLibrary" type="TEARDOWN">
<doc>Closes the current browser.</doc>
<status status="PASS" starttime="20240414 14:24:56.558" endtime="20240414 14:24:58.902"/>
</kw>
<doc>Verify that a user can complete the checkout process with valid information</doc>
<tag>LOGIN</tag>
<tag>REGRESSION</tag>
<status status="PASS" starttime="20240414 14:24:47.773" endtime="20240414 14:24:58.904"/>
</test>
<test id="s1-t8" name="TC008 - Incomplete Checkout with Missing Information" line="70">
<kw name="Run Keywords" library="BuiltIn" type="SETUP">
<arg>TestSetup.Begin Web Test</arg>
<arg>AND</arg>
<arg>LoginPageSteps.Go To Login Page</arg>
<doc>Executes all the given keywords in a sequence.</doc>
<kw name="Begin Web Test" library="TestSetup">
<kw name="Convert To Boolean" library="BuiltIn">
<var>${maximize}</var>
<arg>${maximize}</arg>
<doc>Converts the given item to Boolean true or false.</doc>
<msg timestamp="20240414 14:24:58.914" level="INFO">${maximize} = True</msg>
<status status="PASS" starttime="20240414 14:24:58.913" endtime="20240414 14:24:58.915"/>
</kw>
<kw name="Convert To Boolean" library="BuiltIn">
<var>${headless}</var>
<arg>${headless}</arg>
<doc>Converts the given item to Boolean true or false.</doc>
<msg timestamp="20240414 14:24:58.919" level="INFO">${headless} = False</msg>
<status status="PASS" starttime="20240414 14:24:58.916" endtime="20240414 14:24:58.919"/>
</kw>
<kw name="Convert To Integer" library="BuiltIn">
<var>${browserWidth}</var>
<arg>${browserWidth}</arg>
<doc>Converts the given item to an integer number.</doc>
<msg timestamp="20240414 14:24:58.921" level="INFO">${browserWidth} = 1920</msg>
<status status="PASS" starttime="20240414 14:24:58.920" endtime="20240414 14:24:58.921"/>
</kw>
<kw name="Convert To Integer" library="BuiltIn">
<var>${browserHeight}</var>
<arg>${browserHeight}</arg>
<doc>Converts the given item to an integer number.</doc>
<msg timestamp="20240414 14:24:58.923" level="INFO">${browserHeight} = 1080</msg>
<status status="PASS" starttime="20240414 14:24:58.922" endtime="20240414 14:24:58.923"/>
</kw>
<if>
<branch type="IF" condition="'${browser}' == 'chrome'">
<kw name="Get Chromeoptions" library="BrowserOptions">
<var>${options}</var>
<arg>${headless}</arg>
<msg timestamp="20240414 14:24:58.926" level="INFO">Directory 'C:\INT\ROBOT_FW\Robot-taf\Resources\Download\' can not be created</msg>
<msg timestamp="20240414 14:24:58.926" level="INFO">${options} = &lt;selenium.webdriver.chrome.options.Options object at 0x00000208C6866EF0&gt;</msg>
<status status="PASS" starttime="20240414 14:24:58.924" endtime="20240414 14:24:58.926"/>
</kw>
<status status="PASS" starttime="20240414 14:24:58.924" endtime="20240414 14:24:58.926"/>
</branch>
<branch type="ELSE IF" condition="'${browser}' == 'firefox'">
<kw name="Get Firefoxoptions" library="BrowserOptions">
<var>${options}</var>
<arg>${headless}</arg>
<status status="NOT RUN" starttime="20240414 14:24:58.927" endtime="20240414 14:24:58.928"/>
</kw>
<status status="NOT RUN" starttime="20240414 14:24:58.927" endtime="20240414 14:24:58.928"/>
</branch>
<branch type="ELSE IF" condition="'${browser}' == 'edge'">
<kw name="Get Edgeoptions" library="BrowserOptions">
<var>${options}</var>
<arg>${headless}</arg>
<status status="NOT RUN" starttime="20240414 14:24:58.928" endtime="20240414 14:24:58.929"/>
</kw>
<status status="NOT RUN" starttime="20240414 14:24:58.928" endtime="20240414 14:24:58.929"/>
</branch>
<status status="PASS" starttime="20240414 14:24:58.924" endtime="20240414 14:24:58.929"/>
</if>
<kw name="Get Driver Path" library="BrowserOptions">
<var>${driver_path}</var>
<arg>${browser}</arg>
<msg timestamp="20240414 14:24:58.930" level="INFO">====== WebDriver manager ======</msg>
<msg timestamp="20240414 14:25:03.324" level="INFO">Get LATEST chromedriver version for google-chrome</msg>
<msg timestamp="20240414 14:25:03.497" level="INFO">Get LATEST chromedriver version for google-chrome</msg>
<msg timestamp="20240414 14:25:03.680" level="INFO">Driver [C:\Users\ojilani\.wdm\drivers\chromedriver\win64\123.0.6312.122\chromedriver-win32/chromedriver.exe] found in cache</msg>
<msg timestamp="20240414 14:25:03.683" level="INFO">${driver_path} = C:\Users\ojilani\.wdm\drivers\chromedriver\win64\123.0.6312.122\chromedriver-win32/chromedriver.exe</msg>
<status status="PASS" starttime="20240414 14:24:58.930" endtime="20240414 14:25:03.683"/>
</kw>
<kw name="Open Browser" library="SeleniumLibrary">
<arg>about:blank</arg>
<arg>browser=${browser}</arg>
<arg>options=${options}</arg>
<arg>executable_path=${driver_path}</arg>
<doc>Opens a new browser instance to the optional ``url``.</doc>
<msg timestamp="20240414 14:25:03.687" level="INFO">Opening browser 'chrome' to base url 'about:blank'.</msg>
<status status="PASS" starttime="20240414 14:25:03.684" endtime="20240414 14:25:05.561"/>
</kw>
<kw name="Get Project Directory" library="FileUtil">
<var>${importUsers}</var>
<arg>Settings</arg>
<arg>${ENV}_users.robot</arg>
[...]
</kw>
<status status="PASS" starttime="20240414 14:25:10.311" endtime="20240414 14:25:16.658"/>
</kw>
<kw name="Go To Login Page" library="LoginPageSteps">
<kw name="Go To Login Page" library="LoginPageKeywords">
<kw name="Go To" library="SeleniumLibrary">
<arg>${${ENV}_APP_LOGIN_URL}</arg>
<doc>Navigates the current browser window to the provided ``url``.</doc>
<msg timestamp="20240414 14:25:16.663" level="INFO">Opening url 'https://www.saucedemo.com/'</msg>
<status status="PASS" starttime="20240414 14:25:16.662" endtime="20240414 14:25:17.760"/>
</kw>
<kw name="Wait Login Page To Be Open" library="LoginPageKeywords">
<kw name="Wait Until Page Contains Element" library="SeleniumLibrary">
<arg>${oLoginUsernameInput}</arg>
<arg>${DELAY.VERYLONG}</arg>
<doc>Waits until the element ``locator`` appears on the current page.</doc>
<status status="PASS" starttime="20240414 14:25:17.760" endtime="20240414 14:25:17.775"/>
</kw>
<status status="PASS" starttime="20240414 14:25:17.760" endtime="20240414 14:25:17.775"/>
</kw>
<kw name="Set Page Zoom Level" library="Util">
<arg>${ZOOM_PERCENTAGE}</arg>
<kw name="Execute Javascript" library="SeleniumLibrary">
<arg>document.body.style.zoom = '${PERCENTAGE}%'</arg>
<doc>Executes the given JavaScript code with possible arguments.</doc>
<msg timestamp="20240414 14:25:17.778" level="INFO">Executing JavaScript:
document.body.style.zoom = '100%'
Without any arguments.</msg>
<status status="PASS" starttime="20240414 14:25:17.776" endtime="20240414 14:25:17.784"/>
</kw>
<status status="PASS" starttime="20240414 14:25:17.775" endtime="20240414 14:25:17.785"/>
</kw>
<status status="PASS" starttime="20240414 14:25:16.661" endtime="20240414 14:25:17.785"/>
</kw>
<status status="PASS" starttime="20240414 14:25:16.659" endtime="20240414 14:25:17.785"/>
</kw>
<status status="PASS" starttime="20240414 14:25:10.310" endtime="20240414 14:25:17.785"/>
</kw>
<kw name="Login With Valid Credentials in SauceDemo" library="LoginPageKeywords">
<kw name="Login With Credentials" library="LoginPageKeywords">
<arg>${validUsername}</arg>
<arg>${validPassword}</arg>
<kw name="Input Text" library="SeleniumLibrary">
<arg>${oUserName}</arg>
<arg>${username}</arg>
<doc>Types the given ``text`` into the text field identified by ``locator``.</doc>
<msg timestamp="20240414 14:25:17.787" level="INFO">Typing text 'standard_user' into text field 'id=user-name'.</msg>
<status status="PASS" starttime="20240414 14:25:17.787" endtime="20240414 14:25:17.916"/>
</kw>
<kw name="Input Text" library="SeleniumLibrary">
<arg>${oPassword}</arg>
<arg>${password}</arg>
<doc>Types the given ``text`` into the text field identified by ``locator``.</doc>
<msg timestamp="20240414 14:25:17.917" level="INFO">Typing text 'secret_sauce' into text field 'id=password'.</msg>
<status status="PASS" starttime="20240414 14:25:17.916" endtime="20240414 14:25:18.013"/>
</kw>
<kw name="Click Button" library="SeleniumLibrary">
<arg>${oLoginButton}</arg>
<doc>Clicks the button identified by ``locator``.</doc>
<msg timestamp="20240414 14:25:18.014" level="INFO">Clicking button 'id=login-button'.</msg>
<status status="PASS" starttime="20240414 14:25:18.013" endtime="20240414 14:25:18.129"/>
</kw>
<status status="PASS" starttime="20240414 14:25:17.786" endtime="20240414 14:25:18.129"/>
</kw>
<status status="PASS" starttime="20240414 14:25:17.785" endtime="20240414 14:25:18.129"/>
</kw>
<kw name="Add Item To Cart" library="LoginPageKeywords">
<kw name="Click Button" library="SeleniumLibrary">
<arg>${addToCart}</arg>
<doc>Clicks the button identified by ``locator``.</doc>
<msg timestamp="20240414 14:25:18.132" level="INFO">Clicking button 'xpath=//button[text()='Add to cart']'.</msg>
<status status="PASS" starttime="20240414 14:25:18.131" endtime="20240414 14:25:18.226"/>
</kw>
<status status="PASS" starttime="20240414 14:25:18.129" endtime="20240414 14:25:18.226"/>
</kw>
<kw name="Navigate To Cart Page" library="LoginPageKeywords">
<kw name="Click Element" library="SeleniumLibrary">
<arg>${shoopingCartLink}</arg>
<doc>Click the element identified by ``locator``.</doc>
<msg timestamp="20240414 14:25:18.227" level="INFO">Clicking element 'xpath=//a[contains(@class, 'shopping_cart_link')]'.</msg>
<status status="PASS" starttime="20240414 14:25:18.227" endtime="20240414 14:25:18.279"/>
</kw>
<status status="PASS" starttime="20240414 14:25:18.226" endtime="20240414 14:25:18.279"/>
</kw>
<kw name="Click Button" library="SeleniumLibrary">
<arg>${ocheckoutButton}</arg>
<doc>Clicks the button identified by ``locator``.</doc>
<msg timestamp="20240414 14:25:18.280" level="INFO">Clicking button 'id=checkout'.</msg>
<status status="PASS" starttime="20240414 14:25:18.279" endtime="20240414 14:25:18.347"/>
</kw>
<kw name="Click Button" library="SeleniumLibrary">
<arg>${ocancelButton}</arg>
<doc>Clicks the button identified by ``locator``.</doc>
<msg timestamp="20240414 14:25:18.348" level="INFO">Clicking button 'txt:Cancel'.</msg>
<msg timestamp="20240414 14:25:18.451" level="INFO" html="true">&lt;/td&gt;&lt;/tr&gt;&lt;tr&gt;&lt;td colspan="3"&gt;&lt;a href="selenium-screenshot-1.png"&gt;&lt;img src="selenium-screenshot-1.png" width="800px"&gt;&lt;/a&gt;</msg>
<msg timestamp="20240414 14:25:18.451" level="FAIL">Button with locator 'txt:Cancel' not found.</msg>
<status status="FAIL" starttime="20240414 14:25:18.347" endtime="20240414 14:25:18.469"/>
</kw>
<kw name="Location Should Be" library="SeleniumLibrary">
<arg>${CartUrl}</arg>
<doc>Verifies that the current URL is exactly ``url``.</doc>
<status status="NOT RUN" starttime="20240414 14:25:18.469" endtime="20240414 14:25:18.470"/>
</kw>
<kw name="Close Browser" library="SeleniumLibrary" type="TEARDOWN">
<doc>Closes the current browser.</doc>
<status status="PASS" starttime="20240414 14:25:18.470" endtime="20240414 14:25:20.762"/>
</kw>
<doc>Verify that a user can cancel the checkout process</doc>
<tag>LOGIN</tag>
<tag>REGRESSION</tag>
<status status="FAIL" starttime="20240414 14:25:10.307" endtime="20240414 14:25:20.763">Button with locator 'txt:Cancel' not found.</status>
</test>
<test id="s1-t10" name="TC010 - Complete Checkout with Invalid Information" line="91">
<kw name="Run Keywords" library="BuiltIn" type="SETUP">
<arg>TestSetup.Begin Web Test</arg>
<arg>AND</arg>
<arg>LoginPageSteps.Go To Login Page</arg>
<doc>Executes all the given keywords in a sequence.</doc>
<kw name="Begin Web Test" library="TestSetup">
<kw name="Convert To Boolean" library="BuiltIn">
<var>${maximize}</var>
<arg>${maximize}</arg>
<doc>Converts the given item to Boolean true or false.</doc>
<msg timestamp="20240414 14:25:20.775" level="INFO">${maximize} = True</msg>
<status status="PASS" starttime="20240414 14:25:20.773" endtime="20240414 14:25:20.775"/>
</kw>
<kw name="Convert To Boolean" library="BuiltIn">
<var>${headless}</var>
<arg>${headless}</arg>
<doc>Converts the given item to Boolean true or false.</doc>
<msg timestamp="20240414 14:25:20.779" level="INFO">${headless} = False</msg>
<status status="PASS" starttime="20240414 14:25:20.777" endtime="20240414 14:25:20.779"/>
</kw>
<kw name="Convert To Integer" library="BuiltIn">
<var>${browserWidth}</var>
<arg>${browserWidth}</arg>
<doc>Converts the given item to an integer number.</doc>
<msg timestamp="20240414 14:25:20.781" level="INFO">${browserWidth} = 1920</msg>
<status status="PASS" starttime="20240414 14:25:20.781" endtime="20240414 14:25:20.781"/>
</kw>
<kw name="Convert To Integer" library="BuiltIn">
<var>${browserHeight}</var>
<arg>${browserHeight}</arg>
<doc>Converts the given item to an integer number.</doc>
<msg timestamp="20240414 14:25:20.783" level="INFO">${browserHeight} = 1080</msg>
<status status="PASS" starttime="20240414 14:25:20.782" endtime="20240414 14:25:20.783"/>
</kw>
<if>
<branch type="IF" condition="'${browser}' == 'chrome'">
<kw name="Get Chromeoptions" library="BrowserOptions">
<var>${options}</var>
<arg>${headless}</arg>
<msg timestamp="20240414 14:25:20.786" level="INFO">Directory 'C:\INT\ROBOT_FW\Robot-taf\Resources\Download\' can not be created</msg>
<msg timestamp="20240414 14:25:20.786" level="INFO">${options} = &lt;selenium.webdriver.chrome.options.Options object at 0x00000208C6E01B10&gt;</msg>
<status status="PASS" starttime="20240414 14:25:20.784" endtime="20240414 14:25:20.786"/>
</kw>
<status status="PASS" starttime="20240414 14:25:20.784" endtime="20240414 14:25:20.787"/>
</branch>
<branch type="ELSE IF" condition="'${browser}' == 'firefox'">
<kw name="Get Firefoxoptions" library="BrowserOptions">
<var>${options}</var>
<arg>${headless}</arg>
<status status="NOT RUN" starttime="20240414 14:25:20.787" endtime="20240414 14:25:20.789"/>
</kw>
<status status="NOT RUN" starttime="20240414 14:25:20.787" endtime="20240414 14:25:20.789"/>
</branch>
<branch type="ELSE IF" condition="'${browser}' == 'edge'">
<kw name="Get Edgeoptions" library="BrowserOptions">
<var>${options}</var>
<arg>${headless}</arg>
<status status="NOT RUN" starttime="20240414 14:25:20.789" endtime="20240414 14:25:20.789"/>
</kw>
<status status="NOT RUN" starttime="20240414 14:25:20.789" endtime="20240414 14:25:20.789"/>
</branch>
<status status="PASS" starttime="20240414 14:25:20.784" endtime="20240414 14:25:20.790"/>
</if>
<kw name="Get Driver Path" library="BrowserOptions">
<var>${driver_path}</var>
<arg>${browser}</arg>
<msg timestamp="20240414 14:25:20.791" level="INFO">====== WebDriver manager ======</msg>
<msg timestamp="20240414 14:25:25.113" level="INFO">Get LATEST chromedriver version for google-chrome</msg>
<msg timestamp="20240414 14:25:25.185" level="INFO">Get LATEST chromedriver version for google-chrome</msg>
<msg timestamp="20240414 14:25:25.261" level="INFO">Driver [C:\Users\ojilani\.wdm\drivers\chromedriver\win64\123.0.6312.122\chromedriver-win32/chromedriver.exe] found in cache</msg>
<msg timestamp="20240414 14:25:25.262" level="INFO">${driver_path} = C:\Users\ojilani\.wdm\drivers\chromedriver\win64\123.0.6312.122\chromedriver-win32/chromedriver.exe</msg>
<status status="PASS" starttime="20240414 14:25:20.790" endtime="20240414 14:25:25.262"/>
</kw>
<kw name="Open Browser" library="SeleniumLibrary">
<arg>about:blank</arg>
<arg>browser=${browser}</arg>
<arg>options=${options}</arg>
<arg>executable_path=${driver_path}</arg>
<doc>Opens a new browser instance to the optional ``url``.</doc>
<msg timestamp="20240414 14:25:25.264" level="INFO">Opening browser 'chrome' to base url 'about:blank'.</msg>
<status status="PASS" starttime="20240414 14:25:25.262" endtime="20240414 14:25:27.164"/>
</kw>
<kw name="Get Project Directory" library="FileUtil">
<var>${importUsers}</var>
<arg>Settings</arg>
<arg>${ENV}_users.robot</arg>
<msg timestamp="20240414 14:25:27.165" level="INFO">${importUsers} = C:\INT\ROBOT_FW\Robot-taf\Settings\AUTO_users.robot</msg>
<status status="PASS" starttime="20240414 14:25:27.165" endtime="20240414 14:25:27.165"/>
</kw>
<kw name="Import Resource" library="BuiltIn">
<arg>${importUsers}</arg>
<doc>Imports a resource file with the given path.</doc>
<status status="PASS" starttime="20240414 14:25:27.166" endtime="20240414 14:25:27.168"/>
</kw>
<kw name="Run Keyword If" library="BuiltIn">
<arg>${maximize}</arg>
<arg>Maximize Browser Window</arg>
<arg>ELSE</arg>
<arg>Set Window Size</arg>
<arg>${browserWidth}</arg>
<arg>${browserHeight}</arg>
<doc>Runs the given keyword with the given arguments, if ``condition`` is true.</doc>
<kw name="Maximize Browser Window" library="SeleniumLibrary">
<doc>Maximizes current browser window.</doc>
<status status="PASS" starttime="20240414 14:25:27.169" endtime="20240414 14:25:27.298"/>
</kw>
<status status="PASS" starttime="20240414 14:25:27.168" endtime="20240414 14:25:27.298"/>
</kw>
<status status="PASS" starttime="20240414 14:25:20.771" endtime="20240414 14:25:27.299"/>
</kw>
<kw name="Go To Login Page" library="LoginPageSteps">
<kw name="Go To Login Page" library="LoginPageKeywords">
<kw name="Go To" library="SeleniumLibrary">
<arg>${${ENV}_APP_LOGIN_URL}</arg>
<doc>Navigates the current browser window to the provided ``url``.</doc>
<msg timestamp="20240414 14:25:27.305" level="INFO">Opening url 'https://www.saucedemo.com/'</msg>
<status status="PASS" starttime="20240414 14:25:27.303" endtime="20240414 14:25:28.504"/>
</kw>
<kw name="Wait Login Page To Be Open" library="LoginPageKeywords">
<kw name="Wait Until Page Contains Element" library="SeleniumLibrary">
<arg>${oLoginUsernameInput}</arg>
<arg>${DELAY.VERYLONG}</arg>
<doc>Waits until the element ``locator`` appears on the current page.</doc>
<status status="PASS" starttime="20240414 14:25:28.505" endtime="20240414 14:25:28.522"/>
</kw>
<status status="PASS" starttime="20240414 14:25:28.505" endtime="20240414 14:25:28.522"/>
</kw>
<kw name="Set Page Zoom Level" library="Util">
<arg>${ZOOM_PERCENTAGE}</arg>
<kw name="Execute Javascript" library="SeleniumLibrary">
<arg>document.body.style.zoom = '${PERCENTAGE}%'</arg>
<doc>Executes the given JavaScript code with possible arguments.</doc>
<msg timestamp="20240414 14:25:28.524" level="INFO">Executing JavaScript:
document.body.style.zoom = '100%'
Without any arguments.</msg>
<status status="PASS" starttime="20240414 14:25:28.522" endtime="20240414 14:25:28.530"/>
</kw>
<status status="PASS" starttime="20240414 14:25:28.522" endtime="20240414 14:25:28.531"/>
</kw>
<status status="PASS" starttime="20240414 14:25:27.301" endtime="20240414 14:25:28.531"/>
</kw>
<status status="PASS" starttime="20240414 14:25:27.300" endtime="20240414 14:25:28.531"/>
</kw>
<status status="PASS" starttime="20240414 14:25:20.769" endtime="20240414 14:25:28.531"/>
</kw>
<kw name="Login With Valid Credentials in SauceDemo" library="LoginPageKeywords">
<kw name="Login With Credentials" library="LoginPageKeywords">
<arg>${validUsername}</arg>
<arg>${validPassword}</arg>
<kw name="Input Text" library="SeleniumLibrary">
<arg>${oUserName}</arg>
<arg>${username}</arg>
<doc>Types the given ``text`` into the text field identified by ``locator``.</doc>
<msg timestamp="20240414 14:25:28.533" level="INFO">Typing text 'standard_user' into text field 'id=user-name'.</msg>
<status status="PASS" starttime="20240414 14:25:28.532" endtime="20240414 14:25:28.669"/>
</kw>
<kw name="Input Text" library="SeleniumLibrary">
<arg>${oPassword}</arg>
<arg>${password}</arg>
<doc>Types the given ``text`` into the text field identified by ``locator``.</doc>
<msg timestamp="20240414 14:25:28.670" level="INFO">Typing text 'secret_sauce' into text field 'id=password'.</msg>
<status status="PASS" starttime="20240414 14:25:28.670" endtime="20240414 14:25:28.753"/>
</kw>
<kw name="Click Button" library="SeleniumLibrary">
<arg>${oLoginButton}</arg>
<doc>Clicks the button identified by ``locator``.</doc>
<msg timestamp="20240414 14:25:28.754" level="INFO">Clicking button 'id=login-button'.</msg>
<status status="PASS" starttime="20240414 14:25:28.754" endtime="20240414 14:25:28.857"/>
</kw>
<status status="PASS" starttime="20240414 14:25:28.532" endtime="20240414 14:25:28.857"/>
</kw>
<status status="PASS" starttime="20240414 14:25:28.531" endtime="20240414 14:25:28.858"/>
</kw>
<kw name="Add Item To Cart" library="LoginPageKeywords">
<kw name="Click Button" library="SeleniumLibrary">
<arg>${addToCart}</arg>
<doc>Clicks the button identified by ``locator``.</doc>
<msg timestamp="20240414 14:25:28.859" level="INFO">Clicking button 'xpath=//button[text()='Add to cart']'.</msg>
<status status="PASS" starttime="20240414 14:25:28.859" endtime="20240414 14:25:28.985"/>
</kw>
<status status="PASS" starttime="20240414 14:25:28.858" endtime="20240414 14:25:28.985"/>
</kw>
<kw name="Navigate To Cart Page" library="LoginPageKeywords">
<kw name="Click Element" library="SeleniumLibrary">
<arg>${shoopingCartLink}</arg>
<doc>Click the element identified by ``locator``.</doc>
<msg timestamp="20240414 14:25:28.986" level="INFO">Clicking element 'xpath=//a[contains(@class, 'shopping_cart_link')]'.</msg>
<status status="PASS" starttime="20240414 14:25:28.985" endtime="20240414 14:25:29.038"/>
</kw>
<status status="PASS" starttime="20240414 14:25:28.985" endtime="20240414 14:25:29.038"/>
</kw>
<kw name="Click Button" library="SeleniumLibrary">
<arg>${ocheckoutButton}</arg>
<doc>Clicks the button identified by ``locator``.</doc>
<msg timestamp="20240414 14:25:29.040" level="INFO">Clicking button 'id=checkout'.</msg>
<status status="PASS" starttime="20240414 14:25:29.040" endtime="20240414 14:25:29.115"/>
</kw>
<kw name="Enter Checkout Information" library="LoginPageKeywords">
<arg>${EMPTY}</arg>
<arg>${EMPTY}</arg>
<arg>${EMPTY}</arg>
<kw name="Input Text" library="SeleniumLibrary">
<arg>${oFirstname}</arg>
<arg>${first_name}</arg>
<doc>Types the given ``text`` into the text field identified by ``locator``.</doc>
<msg timestamp="20240414 14:25:29.122" level="INFO">Typing text '' into text field 'id=first-name'.</msg>
<status status="PASS" starttime="20240414 14:25:29.122" endtime="20240414 14:25:29.191"/>
</kw>
<kw name="Input Text" library="SeleniumLibrary">
<arg>${oLastName}</arg>
<arg>${last_name}</arg>
<doc>Types the given ``text`` into the text field identified by ``locator``.</doc>
<msg timestamp="20240414 14:25:29.192" level="INFO">Typing text '' into text field 'id=last-name'.</msg>
<status status="PASS" starttime="20240414 14:25:29.191" endtime="20240414 14:25:29.255"/>
</kw>
<kw name="Input Text" library="SeleniumLibrary">
<arg>${oPostalCode}</arg>
<arg>${postal_code}</arg>
<doc>Types the given ``text`` into the text field identified by ``locator``.</doc>
<msg timestamp="20240414 14:25:29.256" level="INFO">Typing text '' into text field 'id=postal-code'.</msg>
<status status="PASS" starttime="20240414 14:25:29.255" endtime="20240414 14:25:29.321"/>
</kw>
<kw name="Click Button" library="SeleniumLibrary">
<arg>${oContinueButton}</arg>
<doc>Clicks the button identified by ``locator``.</doc>
<msg timestamp="20240414 14:25:29.322" level="INFO">Clicking button 'id=continue'.</msg>
<status status="PASS" starttime="20240414 14:25:29.321" endtime="20240414 14:25:29.375"/>
</kw>
<status status="PASS" starttime="20240414 14:25:29.116" endtime="20240414 14:25:29.375"/>
</kw>
<kw name="Click Button" library="SeleniumLibrary">
<arg>${oContinueButton}</arg>
<doc>Clicks the button identified by ``locator``.</doc>
<msg timestamp="20240414 14:25:29.376" level="INFO">Clicking button 'id=continue'.</msg>
<status status="PASS" starttime="20240414 14:25:29.375" endtime="20240414 14:25:29.413"/>
</kw>
<kw name="Wait Until Page Contains" library="SeleniumLibrary">
<arg>${pFirstnameMsg}</arg>
<doc>Waits until ``text`` appears on the current page.</doc>
<status status="PASS" starttime="20240414 14:25:29.414" endtime="20240414 14:25:29.424"/>
</kw>
<kw name="Close Browser" library="SeleniumLibrary" type="TEARDOWN">
<doc>Closes the current browser.</doc>
<status status="PASS" starttime="20240414 14:25:29.426" endtime="20240414 14:25:31.762"/>
</kw>
<doc>Verify that a user cannot complete the checkout process with invalid information</doc>
<tag>LOGIN</tag>
<tag>REGRESSION</tag>
<status status="PASS" starttime="20240414 14:25:20.766" endtime="20240414 14:25:31.763"/>
</test>
<status status="FAIL" starttime="20240414 14:23:39.328" endtime="20240414 14:25:31.764"/>
</suite>
<statistics>
<total>
<stat pass="9" fail="1" skip="0">All Tests</stat>
</total>
<tag>
<stat pass="9" fail="1" skip="0">LOGIN</stat>
<stat pass="9" fail="1" skip="0">REGRESSION</stat>
</tag>
<suite>
<stat pass="9" fail="1" skip="0" id="s1" name="LoginPageTest">LoginPageTest</stat>
</suite>
</statistics>
<errors>
<msg timestamp="20240414 14:23:40.078" level="ERROR">Error in file 'C:\INT\ROBOT_FW\Robot-taf\Keywords\CommonKeywords.robot' on line 7: Resource file '..\Keywords\AlertPageKeywords.robot' does not exist.</msg>
<msg timestamp="20240414 14:23:40.097" level="ERROR">Error in file 'C:\INT\ROBOT_FW\Robot-taf\Keywords\CommonKeywords.robot' on line 10: Variable file '..\PageObjects\Locators\AlertsPageElements.py' does not exist.</msg>
</errors>
</robot>
